<?xml version="1.0" encoding="utf-8"?><testsuites name="pytest tests"><testsuite name="pytest" errors="0" failures="0" skipped="0" tests="223" time="17.552" timestamp="2026-07-28T16:15:44.431016+08:00" hostname="LAPTOP-SNLLGVHI"><testcase classname="tests.agent.test_agent_api" name="test_agent_router_degrades_and_confirmation_rejection_is_audited" time="0.137" /><testcase classname="tests.agent.test_agent_confirmation" name="test_update_trace_has_no_effect_before_confirmation_and_executes_once" time="0.073" /><testcase classname="tests.agent.test_agent_confirmation" name="test_rejected_and_expired_requests_never_execute" time="0.105" /><testcase classname="tests.agent.test_agent_confirmation" name="test_save_code_confirmation_checks_hash_and_marks_trace_stale" time="0.089" /><testcase classname="tests.agent.test_agent_confirmation" name="test_read_tool_needs_no_confirmation_and_unknown_tool_is_rejected" time="0.073" /><testcase classname="tests.agent.test_agent_confirmation" name="test_invalid_save_path_creates_no_confirmation" time="0.069" /><testcase classname="tests.agent.test_agent_confirmation" name="test_agent_without_llm_degrades_without_confirmation" time="0.058" /><testcase classname="tests.agent.test_agent_conversations" name="test_conversation_persists_multi_turn_history" time="0.086" /><testcase classname="tests.agent.test_agent_conversations" name="test_loop_recovers_from_invalid_tool_arguments" time="0.067" /><testcase classname="tests.agent.test_agent_conversations" name="test_loop_recovers_from_internal_read_tool_failure" time="0.069" /><testcase classname="tests.agent.test_agent_conversations" name="test_code_write_requires_patch_and_risk_analysis" time="0.100" /><testcase classname="tests.agent.test_agent_conversations" name="test_memory_retrieval_combines_project_and_global_scope" time="0.049" /><testcase classname="tests.agent.test_agent_conversations" name="test_successful_duplicate_tool_calls_reuse_evidence" time="0.069" /><testcase classname="tests.agent.test_agent_conversations" name="test_confirmation_continues_the_run_that_created_it" time="0.142" /><testcase classname="tests.agent.test_agent_conversations" name="test_rejected_confirmation_terminalizes_agent_run" time="0.099" /><testcase classname="tests.agent.test_agent_provider" name="test_provider_falls_back_when_native_tools_are_rejected" time="0.030" /><testcase classname="tests.agent.test_agent_queue" name="test_global_agent_queue_lists_running_runs" time="0.072" /><testcase classname="tests.agent.test_agent_queue" name="test_queue_item_delete_hides_running_run" time="0.039" /><testcase classname="tests.agent.test_agent_queue" name="test_queue_reconciles_completed_run_for_running_analysis_job" time="0.059" /><testcase classname="tests.agent.test_agent_queue" name="test_queue_reconciles_stale_published_analysis_job" time="0.051" /><testcase classname="tests.agent.test_agent_streaming" name="test_submitted_run_persists_events_and_final_message" time="0.383" /><testcase classname="tests.agent.test_agent_streaming" name="test_provider_retry_resets_partial_stream" time="0.056" /><testcase classname="tests.agent.test_agent_streaming" name="test_interrupted_run_recovers_once" time="0.196" /><testcase classname="tests.agent.test_analysis_diagnostics" name="test_diagnostics_expose_the_real_failure_cause_not_just_a_code" time="0.149" /><testcase classname="tests.agent.test_analysis_diagnostics" name="test_diagnostics_for_an_unknown_job_is_404" time="0.127" /><testcase classname="tests.agent.test_analysis_jobs" name="test_publish_architecture_validates_evidence_and_depth" time="0.166" /><testcase classname="tests.agent.test_analysis_jobs" name="test_agent_architecture_artifact_does_not_override_local_workspace_graph" time="0.099" /><testcase classname="tests.agent.test_analysis_jobs" name="test_agent_trace_publish_creates_only_proposed_evidence_backed_link" time="0.283" /><testcase classname="tests.agent.test_analysis_jobs" name="test_analysis_job_is_idempotent_and_paper_markdown_gets_block_anchor" time="0.112" /><testcase classname="tests.agent.test_analysis_jobs" name="test_cancel_never_started_job_finishes_without_worker" time="0.107" /><testcase classname="tests.agent.test_analysis_jobs" name="test_cancel_running_job_marks_cancelling" time="0.107" /><testcase classname="tests.agent.test_analysis_jobs" name="test_cancel_running_worker_keeps_published_links" time="1.401" /><testcase classname="tests.agent.test_analysis_recovery" name="test_as_utc_normalizes_naive_and_preserves_aware" time="0.081" /><testcase classname="tests.agent.test_analysis_recovery" name="test_recover_analysis_jobs_handles_naive_timestamps" time="0.095" /><testcase classname="tests.agent.test_capabilities" name="test_bundled_skills_and_tools_are_discovered" time="0.139" /><testcase classname="tests.agent.test_capabilities" name="test_external_skill_requires_explicit_enable_and_trust" time="0.207" /><testcase classname="tests.agent.test_capabilities" name="test_mcp_schema_validation_is_fail_closed" time="0.058" /><testcase classname="tests.agent.test_capabilities" name="test_mcp_tools_receive_unique_openai_safe_names" time="0.164" /><testcase classname="tests.agent.test_capabilities" name="test_capability_api_exposes_bundled_registry" time="0.080" /><testcase classname="tests.agent.test_trace_subagents" name="test_dispatch_two_regions_parallel_publishes_and_finishes" time="0.500" /><testcase classname="tests.agent.test_trace_subagents" name="test_dispatch_sequential_fallback_when_parallelism_1" time="0.470" /><testcase classname="tests.agent.test_trace_subagents" name="test_dispatch_same_fingerprint_regions_are_idempotent" time="0.652" /><testcase classname="tests.agent.test_trace_subagents" name="test_cancel_during_dispatch_keeps_published_links" time="0.500" /><testcase classname="tests.agent.test_trace_subagents" name="test_dispatch_validation_dedupe_and_call_limit" time="0.417" /><testcase classname="tests.agent.test_trace_subagents" name="test_backoff_seconds_ranges" time="0.024" /><testcase classname="tests.agent.test_trace_subagents" name="test_parent_retry_applies_backoff_for_rate_limit" time="0.389" /><testcase classname="tests.agent.test_trace_subagents" name="test_parent_without_dispatch_behaves_as_before" time="0.387" /><testcase classname="tests.papers.test_geometry" name="test_extract_normalizes_point_boxes_against_page_size" time="0.025" /><testcase classname="tests.papers.test_geometry" name="test_extract_clamps_and_orders_degenerate_boxes" time="0.024" /><testcase classname="tests.papers.test_geometry" name="test_extract_page_number_is_one_based_from_page_idx" time="0.024" /><testcase classname="tests.papers.test_geometry" name="test_extract_descends_into_nested_table_blocks" time="0.023" /><testcase classname="tests.papers.test_geometry" name="test_extract_ignores_discarded_blocks" time="0.023" /><testcase classname="tests.papers.test_geometry" name="test_extract_tolerates_malformed_payloads" time="0.183" /><testcase classname="tests.papers.test_geometry" name="test_text_key_bridges_markdown_and_span_formatting" time="0.024" /><testcase classname="tests.papers.test_geometry" name="test_assign_line_boxes_matches_blocks_in_reading_order" time="0.025" /><testcase classname="tests.papers.test_geometry" name="test_assign_line_boxes_advances_cursor_between_blocks" time="0.024" /><testcase classname="tests.papers.test_geometry" name="test_assign_line_boxes_resyncs_past_unmatched_lines" time="0.024" /><testcase classname="tests.papers.test_geometry" name="test_assign_line_boxes_leaves_unmatched_blocks_empty" time="0.024" /><testcase classname="tests.papers.test_geometry" name="test_assign_line_boxes_prefers_an_exact_match_over_an_earlier_partial" time="0.024" /><testcase classname="tests.papers.test_geometry" name="test_assign_line_boxes_records_page_size_even_without_a_line_match" time="0.023" /><testcase classname="tests.papers.test_geometry" name="test_assign_line_boxes_without_geometry_is_a_noop" time="0.024" /><testcase classname="tests.papers.test_geometry" name="test_normalizer_attaches_line_boxes_from_folded_middle_json" time="0.025" /><testcase classname="tests.papers.test_geometry" name="test_normalizer_without_middle_json_keeps_blocks_line_free" time="0.024" /><testcase classname="tests.papers.test_mineru_official" name="test_official_api_upload_poll_download_and_normalize" time="0.027" /><testcase classname="tests.papers.test_mineru_official" name="test_official_api_requires_token" time="0.026" /><testcase classname="tests.papers.test_mineru_official" name="test_parser_factory_selects_provider" time="0.026" /><testcase classname="tests.papers.test_mineru_parser" name="test_mineru_parser_uses_async_api_and_decodes_result_zip" time="0.027" /><testcase classname="tests.papers.test_mineru_parser" name="test_mineru_parser_folds_middle_json_into_page_geometry" time="0.027" /><testcase classname="tests.papers.test_mineru_parser" name="test_mineru_parser_without_middle_json_still_parses" time="0.029" /><testcase classname="tests.papers.test_mineru_parser" name="test_mineru_client_times_out_pending_task" time="0.025" /><testcase classname="tests.papers.test_mineru_parser" name="test_local_mineru_defaults_to_supported_pipeline_backend" time="0.024" /><testcase classname="tests.papers.test_normalizer" name="test_normalize_mineru_content_list_preserves_pages_sections_and_anchors" time="0.024" /><testcase classname="tests.papers.test_normalizer" name="test_normalize_rejects_empty_or_unknown_payload" time="0.024" /><testcase classname="tests.papers.test_normalizer" name="test_normalize_real_content_list_v2_page_arrays" time="0.023" /><testcase classname="tests.papers.test_paper_job_api" name="test_paper_job_api_returns_status_and_persists_result" time="0.099" /><testcase classname="tests.papers.test_paper_job_api" name="test_paper_job_api_rejects_empty_pdf" time="0.052" /><testcase classname="tests.papers.test_paper_job_api" name="test_paper_file_endpoint_serves_the_original_pdf" time="0.079" /><testcase classname="tests.papers.test_paper_job_api" name="test_paper_file_endpoint_404s_when_the_stored_pdf_is_gone" time="0.083" /><testcase classname="tests.papers.test_paper_job_api" name="test_paper_document_serves_mineru_markdown_and_assets" time="0.130" /><testcase classname="tests.papers.test_parse_jobs" name="test_parse_job_saves_raw_normalized_output_and_reuses_cache" time="0.052" /><testcase classname="tests.papers.test_parse_jobs" name="test_parse_job_records_parser_failure" time="0.039" /><testcase classname="tests.papers.test_project_mock_layers.TestMinerUParserWithMockedClient" name="test_parse_orchestrates_health_submit_wait_result" time="0.026" /><testcase classname="tests.papers.test_project_mock_layers.TestMinerUParserWithMockedClient" name="test_parse_rejects_missing_or_empty_pdf_without_calling_client" time="0.024" /><testcase classname="tests.papers.test_project_mock_layers.TestMinerUParserWithMockedClient" name="test_parse_propagates_client_errors" time="0.024" /><testcase classname="tests.papers.test_project_mock_layers.TestPaperParsingServiceWithMockedParser" name="test_submit_calls_mocked_parser_and_persists_success" time="0.039" /><testcase classname="tests.papers.test_project_mock_layers.TestPaperParsingServiceWithMockedParser" name="test_submit_records_failure_when_mocked_parser_raises" time="0.039" /><testcase classname="tests.papers.test_project_mock_layers" name="test_patch_create_mineru_parser_when_constructing_default_service" time="0.026" /><testcase classname="tests.projects.test_project_deletion" name="test_batch_delete_removes_related_rows_and_project_files" time="0.064" /><testcase classname="tests.repositories.test_analysis" name="test_repository_filtering_uses_git_exclude_and_build_defaults" time="0.027" /><testcase classname="tests.repositories.test_analysis" name="test_gitignore_priority_is_independent_of_zip_member_order" time="0.026" /><testcase classname="tests.repositories.test_analysis" name="test_python_symbols_and_calls_have_stable_locations" time="0.025" /><testcase classname="tests.repositories.test_analysis" name="test_tensor_graph_contains_branch_residual_merge_and_concat" time="0.024" /><testcase classname="tests.repositories.test_analysis" name="test_architecture_graph_selects_main_model_and_keeps_debug_graph" time="0.025" /><testcase classname="tests.repositories.test_analysis" name="test_architecture_graph_expands_project_calls_and_keeps_torch_terminals" time="0.026" /><testcase classname="tests.repositories.test_analysis" name="test_analysis_uses_saved_edit_overlay" time="0.029" /><testcase classname="tests.repositories.test_analysis" name="test_duplicate_archive_paths_are_rejected" time="0.025" /><testcase classname="tests.repositories.test_analysis_cache" name="test_large_repository_analysis_runs_in_background_and_persists" time="0.134" /><testcase classname="tests.repositories.test_api" name="test_repository_analysis_and_layout_endpoints_return_real_graph" time="0.086" /><testcase classname="tests.repositories.test_api" name="test_invalid_zip_has_clear_client_error" time="0.054" /><testcase classname="tests.repositories.test_api" name="test_replacing_repository_does_not_reuse_previous_edit_overlay" time="0.082" /><testcase classname="tests.repositories.test_api" name="test_openapi_operation_ids_are_unique" time="0.230" /><testcase classname="tests.repositories.test_api" name="test_main_router_exposes_agent_contract" time="0.026" /><testcase classname="tests.repositories.test_definition_resolve" name="test_resolve_same_file_function_definition" time="0.065" /><testcase classname="tests.repositories.test_definition_resolve" name="test_resolve_imported_function_definition" time="0.062" /><testcase classname="tests.repositories.test_definition_resolve" name="test_resolve_self_method_definition" time="0.067" /><testcase classname="tests.repositories.test_definition_resolve" name="test_materialize_checkout_returns_absolute_path" time="0.073" /><testcase classname="tests.repositories.test_file_access" name="test_read_and_save_are_limited_to_allowed_repository_paths" time="0.033" /><testcase classname="tests.repositories.test_file_access" name="test_save_rejects_oversized_utf8_content" time="0.027" /><testcase classname="tests.repositories.test_github" name="test_parse_github_repository_url_accepts_canonical_urls" time="0.025" /><testcase classname="tests.repositories.test_github" name="test_parse_github_repository_url_rejects_unsafe_or_non_repository_urls[http://github.com/pytorch/vision]" time="0.025" /><testcase classname="tests.repositories.test_github" name="test_parse_github_repository_url_rejects_unsafe_or_non_repository_urls[https://example.com/pytorch/vision]" time="0.027" /><testcase classname="tests.repositories.test_github" name="test_parse_github_repository_url_rejects_unsafe_or_non_repository_urls[https://github.com/pytorch/vision/issues]" time="0.027" /><testcase classname="tests.repositories.test_github" name="test_parse_github_repository_url_rejects_unsafe_or_non_repository_urls[https://user:token@github.com/pytorch/vision]" time="0.026" /><testcase classname="tests.repositories.test_github" name="test_parse_github_repository_url_rejects_unsafe_or_non_repository_urls[https://github.com/pytorch/vision?tab=readme]" time="0.024" /><testcase classname="tests.repositories.test_github" name="test_import_archive_uses_absolute_output_path" time="0.028" /><testcase classname="tests.repositories.test_lsp_bridge" name="test_encode_lsp_message_wraps_json" time="0.025" /><testcase classname="tests.repositories.test_lsp_bridge" name="test_decode_lsp_messages_single_frame" time="0.024" /><testcase classname="tests.repositories.test_lsp_bridge" name="test_decode_lsp_messages_multiple_frames" time="0.022" /><testcase classname="tests.settings.test_integration_probe" name="test_agent_probe_reports_success_with_the_served_model" time="0.040" /><testcase classname="tests.settings.test_integration_probe" name="test_agent_probe_surfaces_the_providers_own_error_message" time="0.041" /><testcase classname="tests.settings.test_integration_probe" name="test_agent_probe_reports_transport_failure_instead_of_raising" time="0.042" /><testcase classname="tests.settings.test_integration_probe" name="test_agent_probe_without_a_stored_or_supplied_key_fails_before_any_request" time="0.041" /><testcase classname="tests.settings.test_integration_probe" name="test_mineru_local_probe_hits_health" time="0.042" /><testcase classname="tests.settings.test_integration_probe" name="test_mineru_official_probe_flags_a_rejected_token" time="0.041" /><testcase classname="tests.settings.test_integration_probe" name="test_mineru_official_probe_treats_a_missing_batch_as_reachable" time="0.040" /><testcase classname="tests.settings.test_integration_probe" name="test_probe_reuses_the_stored_secret_when_none_is_supplied" time="0.043" /><testcase classname="tests.settings.test_integration_settings_api" name="test_settings_are_saved_without_returning_secrets" time="0.052" /><testcase classname="tests.settings.test_integration_settings_api" name="test_blank_secret_preserves_it_and_clear_flag_removes_it" time="0.063" /><testcase classname="tests.settings.test_integration_settings_api" name="test_saving_agent_settings_does_not_start_trace_jobs" time="0.049" /><testcase classname="tests.sync.test_device_adopt" name="test_adopt_repoints_state_and_pending_outbox" time="0.069" /><testcase classname="tests.sync.test_device_adopt" name="test_adopt_noop_when_no_state" time="0.058" /><testcase classname="tests.sync.test_device_adopt" name="test_enable_on_rotated_device_adopts_instead_of_409" time="0.223" /><testcase classname="tests.sync.test_forbidden_key_scrub" name="test_scrub_drops_forbidden_keys_recursively" time="0.026" /><testcase classname="tests.sync.test_forbidden_key_scrub" name="test_scrub_is_non_mutating" time="0.027" /><testcase classname="tests.sync.test_forbidden_key_scrub" name="test_local_forbidden_keys_superset_of_server" time="0.027" /><testcase classname="tests.sync.test_forbidden_key_scrub" name="test_record_local_operation_scrubs_on_write" time="0.063" /><testcase classname="tests.sync.test_forbidden_key_scrub" name="test_read_outbox_heals_pre_existing_poison_rows" time="0.165" /><testcase classname="tests.sync.test_local_sync_modes" name="test_local_project_never_enters_outbox_before_explicit_enable" time="0.062" /><testcase classname="tests.sync.test_local_sync_modes" name="test_paused_project_is_device_local_and_suppresses_outbox" time="0.072" /><testcase classname="tests.sync.test_local_sync_modes" name="test_remote_project_metadata_does_not_resume_paused_desktop" time="0.074" /><testcase classname="tests.sync.test_local_sync_modes" name="test_detach_restores_local_only_without_deleting_local_project" time="0.072" /><testcase classname="tests.sync.test_local_sync_modes" name="test_deleting_desktop_project_never_queues_cloud_project_delete" time="0.078" /><testcase classname="tests.sync.test_local_sync_modes" name="test_conflict_keeps_local_operation_until_explicit_resolution" time="0.081" /><testcase classname="tests.sync.test_local_sync_modes" name="test_agent_history_uses_uuid_boundary_and_suppresses_pending_when_disabled" time="0.090" /><testcase classname="tests.sync.test_local_sync_modes" name="test_desktop_preserves_downloaded_file_versions_and_selects_by_cloud_uuid" time="0.091" /><testcase classname="tests.test_code_analyzer" name="test_analyze_code_archive_respects_gitignore_and_macos_artifacts" time="0.028" /><testcase classname="tests.test_code_analyzer" name="test_is_editor_readable_file_blocks_binary_assets" time="0.024" /><testcase classname="tests.test_desktop" name="test_desktop_environment_allows_tauri_and_vite_origins" time="0.025" /><testcase classname="tests.test_health" name="test_health" time="0.049" /><testcase classname="tests.test_health" name="test_tauri_origin_is_allowed" time="0.050" /><testcase classname="tests.test_migrations" name="test_fresh_sqlite_migration_reaches_local_head_without_cloud_tables" time="0.454" /><testcase classname="tests.test_migrations" name="test_desktop_schema_created_at_revision_four_but_stamped_one_upgrades_losslessly" time="0.515" /><testcase classname="tests.test_migrations" name="test_0012_repairs_early_0010_trace_target_drift" time="0.525" /><testcase classname="tests.test_migrations" name="test_drop_drifted_target_tables_only_drops_prototype_schema" time="0.040" /><testcase classname="tests.test_projects" name="test_create_and_list_project" time="0.055" /><testcase classname="tests.test_workspace" name="test_read_workspace_placeholder" time="0.054" /><testcase classname="tests.test_workspace" name="test_read_workspace_code_tree_is_filtered_repository_tree" time="0.054" /><testcase classname="tests.test_workspace" name="test_read_workspace_code_file_by_path" time="0.055" /><testcase classname="tests.test_workspace" name="test_read_workspace_code_file_not_found" time="0.055" /><testcase classname="tests.test_workspace" name="test_save_workspace_code_file_placeholder" time="0.059" /><testcase classname="tests.test_workspace" name="test_read_tensor_flow_placeholder_trace_svg" time="0.052" /><testcase classname="tests.test_workspace" name="test_start_workspace_analysis_placeholder" time="0.054" /><testcase classname="tests.test_workspace_integration" name="test_workspace_minimal_closed_loop" time="0.115" /><testcase classname="tests.tracing.test_code_anchor_recovery" name="test_locate_approximate_span_finds_reformatted_quote" time="0.029" /><testcase classname="tests.tracing.test_code_anchor_recovery" name="test_approximate_anchor_narrows_match_to_verified_lines" time="0.030" /><testcase classname="tests.tracing.test_code_anchor_recovery" name="test_approximate_anchor_replaces_a_wrong_declared_range" time="0.028" /><testcase classname="tests.tracing.test_pipeline" name="test_static_pipeline_is_retired_and_persists_nothing" time="0.048" /><testcase classname="tests.tracing.test_pipeline" name="test_retired_suggest_preserves_existing_accepted_link" time="0.051" /><testcase classname="tests.tracing.test_pipeline" name="test_compatible_provider_maps_failures_to_safe_reason_codes[429-body0-llm_rate_limited]" time="0.027" /><testcase classname="tests.tracing.test_pipeline" name="test_compatible_provider_maps_failures_to_safe_reason_codes[503-body1-llm_upstream_error]" time="0.028" /><testcase classname="tests.tracing.test_pipeline" name="test_compatible_provider_maps_failures_to_safe_reason_codes[400-body2-llm_request_rejected]" time="0.026" /><testcase classname="tests.tracing.test_pipeline" name="test_compatible_provider_maps_failures_to_safe_reason_codes[200-body3-llm_invalid_json]" time="0.026" /><testcase classname="tests.tracing.test_pipeline" name="test_compatible_provider_maps_timeout_without_exposing_request" time="0.027" /><testcase classname="tests.tracing.test_pipeline" name="test_code_revision_marks_accepted_trace_stale" time="0.053" /><testcase classname="tests.tracing.test_pipeline" name="test_legacy_sqlite_schema_is_upgraded_and_old_trace_is_stale" time="0.447" /><testcase classname="tests.tracing.test_trace_api" name="test_trace_api_generation_and_review_contract" time="0.066" /><testcase classname="tests.tracing.test_trace_api" name="test_batch_status_reviews_subset_then_all_remaining_proposed" time="0.066" /><testcase classname="tests.tracing.test_trace_api" name="test_single_review_revert_roundtrip" time="0.063" /><testcase classname="tests.tracing.test_trace_api" name="test_batch_status_revert_decided_links" time="0.055" /><testcase classname="tests.tracing.test_trace_api" name="test_clear_defaults_to_proposed_and_keeps_reviewed_decisions" time="0.059" /><testcase classname="tests.tracing.test_trace_api" name="test_clear_agent_scope_spares_manual_relations" time="0.054" /><testcase classname="tests.tracing.test_trace_api" name="test_clear_all_scope_empties_the_project" time="0.054" /><testcase classname="tests.tracing.test_trace_api" name="test_clear_rejects_unknown_scope" time="0.046" /><testcase classname="test_code_analysis_boundaries" name="test_analysis_falls_back_to_archived_source_when_edit_is_invalid" time="0.006" /><testcase classname="test_code_analysis_boundaries" name="test_count_filtered_files_reports_default_ignores" time="0.003" /><testcase classname="test_code_analysis_boundaries" name="test_safe_members_skips_directories_links_and_unsafe_paths" time="0.003" /><testcase classname="test_code_analysis_boundaries" name="test_safe_members_rejects_excessive_entry_count" time="0.000" /><testcase classname="test_code_analysis_boundaries" name="test_safe_members_defends_against_growing_member_list" time="0.000" /><testcase classname="test_code_analysis_boundaries" name="test_safe_members_rejects_excessive_uncompressed_size" time="0.000" /><testcase classname="test_code_analysis_boundaries" name="test_empty_archive_has_no_common_top_folder" time="0.000" /><testcase classname="test_code_analysis_boundaries" name="test_archive_listing_discards_an_empty_display_path" time="0.000" /><testcase classname="test_code_analysis_boundaries" name="test_oversized_ignore_file_is_not_applied" time="0.005" /><testcase classname="test_code_analysis_boundaries" name="test_read_rejects_invalid_utf8_and_oversized_archive_files" time="0.004" /><testcase classname="test_code_analysis_boundaries" name="test_read_and_save_reject_binary_file_types" time="0.003" /><testcase classname="test_code_analysis_boundaries" name="test_edit_target_cannot_equal_the_edit_root" time="0.003" /><testcase classname="test_code_analysis_boundaries" name="test_read_rejects_symlink_and_oversized_edit_overlays" time="0.006" /><testcase classname="test_code_analysis_boundaries" name="test_save_rejects_symlinked_parent_directory" time="0.005" /><testcase classname="test_code_analysis_boundaries" name="test_language_classification_covers_supported_categories[README.md-docs]" time="0.000" /><testcase classname="test_code_analysis_boundaries" name="test_language_classification_covers_supported_categories[settings.yaml-config]" time="0.000" /><testcase classname="test_code_analysis_boundaries" name="test_language_classification_covers_supported_categories[photo.png-binary]" time="0.000" /><testcase classname="test_code_analysis_boundaries" name="test_language_classification_covers_supported_categories[script.sh-other]" time="0.000" /><testcase classname="test_code_analysis_boundaries" name="test_python_analysis_handles_async_functions_and_syntax_errors" time="0.000" /><testcase classname="test_code_analysis_boundaries" name="test_empty_file_list_builds_an_empty_tree" time="0.000" /><testcase classname="test_code_analysis_boundaries" name="test_file_tree_builds_sorted_folders_and_language_metadata" time="0.000" /><testcase classname="test_code_analysis_extended" name="test_archive_rejects_limits_and_skips_unsafe_members" time="0.004" /><testcase classname="test_code_analysis_extended" name="test_oversized_ignore_file_is_ignored_as_configuration" time="0.003" /><testcase classname="test_code_analysis_extended" name="test_editor_rejects_non_utf8_types_and_oversized_sources" time="0.004" /><testcase classname="test_code_analysis_extended" name="test_editor_rejects_unsafe_overlay_targets" time="0.004" /><testcase classname="test_code_analysis_extended" name="test_editor_rejects_oversized_saved_overlay" time="0.004" /><testcase classname="test_code_analysis_extended" name="test_scan_count_languages_and_empty_tree" time="0.004" /><testcase classname="test_code_analysis_extended" name="test_analysis_falls_back_to_archive_when_overlay_is_unreadable" time="0.003" /><testcase classname="test_code_analysis_extended" name="test_python_ast_handles_async_functions_and_syntax_errors" time="0.000" /><testcase classname="test_code_analysis_extended" name="test_definition_index_resolves_self_dynamic_and_ambiguous_calls" time="0.000" /><testcase classname="test_code_analysis_extended" name="test_definition_index_resolves_imported_and_global_symbols" time="0.000" /><testcase classname="test_code_analysis_extended" name="test_definition_index_reports_import_and_same_file_ambiguity" time="0.000" /><testcase classname="test_code_analysis_extended" name="test_definition_helpers_cover_fallbacks_and_identifier_extraction" time="0.000" /><testcase classname="test_code_analysis_extended" name="test_resolve_definition_rejects_unsupported_or_unanalysed_files" time="0.000" /><testcase classname="test_code_analysis_extended" name="test_lsp_decoder_handles_partial_and_invalid_frames" time="0.000" /><testcase classname="test_code_analysis_extended" name="test_basedpyright_command_prefers_installed_executable" time="0.000" /><testcase classname="test_code_analysis_extended" name="test_lsp_session_io_and_close_paths" time="0.004" /><testcase classname="test_code_analysis_extended" name="test_start_lsp_session_replaces_previous_session" time="0.013" /><testcase classname="test_code_analysis_extended" name="test_lsp_pumps_and_process_error_notification" time="0.003" /><testcase classname="test_code_analysis_extended" name="test_run_websocket_bridge_closes_and_calls_hook" time="0.004" /></testsuite></testsuites>