<?xml version="1.0" encoding="utf-8"?><testsuites name="pytest tests"><testsuite name="pytest" errors="0" failures="0" skipped="0" tests="326" time="58.579" timestamp="2026-07-30T16:33:41.904536+08:00" hostname="LAPTOP-SNLLGVHI"><testcase classname="tests.agent.test_agent_api" name="test_agent_router_degrades_and_confirmation_rejection_is_audited" time="0.144" /><testcase classname="tests.agent.test_agent_confirmation" name="test_update_trace_has_no_effect_before_confirmation_and_executes_once" time="0.081" /><testcase classname="tests.agent.test_agent_confirmation" name="test_rejected_and_expired_requests_never_execute" time="0.109" /><testcase classname="tests.agent.test_agent_confirmation" name="test_save_code_confirmation_checks_hash_and_marks_trace_stale" time="0.085" /><testcase classname="tests.agent.test_agent_confirmation" name="test_read_tool_needs_no_confirmation_and_unknown_tool_is_rejected" time="0.072" /><testcase classname="tests.agent.test_agent_confirmation" name="test_invalid_save_path_creates_no_confirmation" time="0.069" /><testcase classname="tests.agent.test_agent_confirmation" name="test_agent_without_llm_degrades_without_confirmation" time="0.055" /><testcase classname="tests.agent.test_agent_confirmation" name="test_agent_created_trace_carries_anchored_evidence" time="0.085" /><testcase classname="tests.agent.test_agent_confirmation" name="test_agent_trace_crud_filters_validates_and_invalidates_dependents" time="0.119" /><testcase classname="tests.agent.test_agent_confirmation" name="test_agent_trace_mutation_schema_rejects_empty_patch_and_normalizes_relation" time="0.022" /><testcase classname="tests.agent.test_agent_confirmation" name="test_agent_created_trace_survives_list_endpoint" time="0.144" /><testcase classname="tests.agent.test_agent_confirmation" name="test_malformed_model_info_does_not_break_trace_list" time="0.070" /><testcase classname="tests.agent.test_agent_confirmation" name="test_prepare_write_accepts_page_block_and_line_range" time="0.042" /><testcase classname="tests.agent.test_agent_confirmation" name="test_create_trace_coerces_llm_relation_aliases" time="0.075" /><testcase classname="tests.agent.test_agent_conversations" name="test_conversation_persists_multi_turn_history" time="0.089" /><testcase classname="tests.agent.test_agent_conversations" name="test_loop_recovers_from_invalid_tool_arguments" time="0.077" /><testcase classname="tests.agent.test_agent_conversations" name="test_loop_recovers_from_internal_read_tool_failure" time="0.067" /><testcase classname="tests.agent.test_agent_conversations" name="test_code_write_requires_patch_and_risk_analysis" time="0.098" /><testcase classname="tests.agent.test_agent_conversations" name="test_memory_retrieval_combines_project_and_global_scope" time="0.098" /><testcase classname="tests.agent.test_agent_conversations" name="test_successful_duplicate_tool_calls_reuse_evidence" time="0.308" /><testcase classname="tests.agent.test_agent_conversations" name="test_confirmation_continues_the_run_that_created_it" time="0.354" /><testcase classname="tests.agent.test_agent_conversations" name="test_rejected_confirmation_terminalizes_agent_run" time="0.240" /><testcase classname="tests.agent.test_agent_provider" name="test_provider_falls_back_when_native_tools_are_rejected" time="0.093" /><testcase classname="tests.agent.test_agent_queue" name="test_global_agent_queue_lists_running_runs" time="0.083" /><testcase classname="tests.agent.test_agent_queue" name="test_queue_item_delete_hides_running_run" time="0.155" /><testcase classname="tests.agent.test_agent_queue" name="test_queue_reconciles_completed_run_for_running_analysis_job" time="0.142" /><testcase classname="tests.agent.test_agent_queue" name="test_queue_reconciles_stale_published_analysis_job" time="0.109" /><testcase classname="tests.agent.test_agent_streaming" name="test_submitted_run_persists_events_and_final_message" time="0.700" /><testcase classname="tests.agent.test_agent_streaming" name="test_provider_retry_resets_partial_stream" time="0.085" /><testcase classname="tests.agent.test_agent_streaming" name="test_interrupted_run_recovers_once" time="0.313" /><testcase classname="tests.agent.test_analysis_diagnostics" name="test_diagnostics_expose_the_real_failure_cause_not_just_a_code" time="0.163" /><testcase classname="tests.agent.test_analysis_diagnostics" name="test_diagnostics_for_an_unknown_job_is_404" time="0.241" /><testcase classname="tests.agent.test_analysis_jobs" name="test_publish_architecture_validates_evidence_and_depth" time="0.143" /><testcase classname="tests.agent.test_analysis_jobs" name="test_agent_architecture_artifact_does_not_override_local_workspace_graph" time="0.206" /><testcase classname="tests.agent.test_analysis_jobs" name="test_agent_trace_publish_creates_only_proposed_evidence_backed_link" time="0.158" /><testcase classname="tests.agent.test_analysis_jobs" name="test_analysis_job_is_idempotent_and_paper_markdown_gets_block_anchor" time="0.097" /><testcase classname="tests.agent.test_analysis_jobs" name="test_cancel_never_started_job_finishes_without_worker" time="0.097" /><testcase classname="tests.agent.test_analysis_jobs" name="test_cancel_running_job_marks_cancelling" time="0.100" /><testcase classname="tests.agent.test_analysis_jobs" name="test_cancel_running_worker_keeps_published_links" time="1.400" /><testcase classname="tests.agent.test_analysis_recovery" name="test_as_utc_normalizes_naive_and_preserves_aware" time="0.079" /><testcase classname="tests.agent.test_analysis_recovery" name="test_recover_analysis_jobs_handles_naive_timestamps" time="0.066" /><testcase classname="tests.agent.test_capabilities" name="test_bundled_skills_and_tools_are_discovered" time="0.129" /><testcase classname="tests.agent.test_capabilities" name="test_external_skill_requires_explicit_enable_and_trust" time="0.340" /><testcase classname="tests.agent.test_capabilities" name="test_mcp_schema_validation_is_fail_closed" time="0.086" /><testcase classname="tests.agent.test_capabilities" name="test_mcp_tools_receive_unique_openai_safe_names" time="0.216" /><testcase classname="tests.agent.test_capabilities" name="test_capability_api_exposes_bundled_registry" time="0.191" /><testcase classname="tests.agent.test_confidence_boundaries" name="test_project_mode_defaults_off_and_reads_both_values" time="0.196" /><testcase classname="tests.agent.test_confidence_boundaries" name="test_old_schema_operational_error_falls_back_to_direct_scoring" time="0.115" /><testcase classname="tests.agent.test_confidence_boundaries" name="test_omitted_dimensions_keep_the_direct_agent_score" time="0.046" /><testcase classname="tests.agent.test_confidence_boundaries" name="test_explicit_default_dimensions_use_the_weighted_formula" time="0.145" /><testcase classname="tests.agent.test_confidence_boundaries" name="test_duplicate_and_unknown_penalties_are_applied_at_most_once" time="0.064" /><testcase classname="tests.agent.test_confidence_boundaries" name="test_formula_is_clamped_at_both_bounds" time="0.073" /><testcase classname="tests.agent.test_conflict_analysis" name="test_collect_changes_ignores_unchanged_overlay_and_maps_impact" time="0.177" /><testcase classname="tests.agent.test_conflict_analysis" name="test_affected_traces_prefers_precise_target_and_preserves_review_signal" time="0.162" /><testcase classname="tests.agent.test_conflict_analysis" name="test_conflict_context_is_bounded_and_reports_truncation" time="0.130" /><testcase classname="tests.agent.test_conflict_analysis" name="test_get_conflict_context_tool_uses_single_change_snapshot" time="0.130" /><testcase classname="tests.agent.test_conflict_analysis" name="test_paper_tools_are_bounded_and_return_publishable_spans" time="0.151" /><testcase classname="tests.agent.test_conflict_analysis" name="test_oversized_paper_block_pages_exact_spans_within_context_limit" time="0.122" /><testcase classname="tests.agent.test_conflict_analysis" name="test_publish_conflict_report_validates_and_assigns_stable_id" time="0.191" /><testcase classname="tests.agent.test_conflict_analysis" name="test_conflict_publish_accepts_span_and_normalizes_real_pdf_layout" time="0.185" /><testcase classname="tests.agent.test_conflict_analysis" name="test_conflict_job_preconditions" time="0.148" /><testcase classname="tests.agent.test_conflict_analysis" name="test_conflict_worker_reuses_prefetched_context" time="0.858" /><testcase classname="tests.agent.test_conflict_analysis" name="test_conflict_worker_returns_targeted_structured_evidence_error" time="0.405" /><testcase classname="tests.agent.test_conflict_analysis" name="test_conflict_worker_publishes_terminal_artifact" time="0.627" /><testcase classname="tests.agent.test_deep_thinking_confidence" name="test_default_project_keeps_the_agent_supplied_confidence" time="0.111" /><testcase classname="tests.agent.test_deep_thinking_confidence" name="test_deep_thinking_project_recomputes_confidence_from_dimensions" time="0.104" /><testcase classname="tests.agent.test_deep_thinking_confidence" name="test_deep_thinking_applies_penalties" time="0.097" /><testcase classname="tests.agent.test_deep_thinking_confidence" name="test_running_analysis_uses_its_frozen_scoring_mode" time="0.123" /><testcase classname="tests.agent.test_deep_thinking_confidence" name="test_missing_project_is_treated_as_deep_thinking_off" time="0.095" /><testcase classname="tests.agent.test_deep_thinking_confidence" name="test_toggle_is_per_project" time="0.126" /><testcase classname="tests.agent.test_deep_thinking_confidence" name="test_unfilled_dimensions_fall_back_to_the_raw_confidence" time="0.075" /><testcase classname="tests.agent.test_deep_thinking_confidence" name="test_penalties_alone_engage_the_formula" time="0.053" /><testcase classname="tests.agent.test_deep_thinking_confidence" name="test_confidence_is_clamped_into_range" time="0.051" /><testcase classname="tests.agent.test_deep_thinking_confidence" name="test_unknown_penalty_keys_are_ignored" time="0.049" /><testcase classname="tests.agent.test_deep_thinking_confidence" name="test_prompt_only_explains_the_dimensions_when_deep_thinking_is_on" time="0.083" /><testcase classname="tests.agent.test_paper_evidence" name="test_evidence_spans_are_stable_exact_source_ranges" time="0.051" /><testcase classname="tests.agent.test_paper_evidence" name="test_legacy_layout_variants_resolve_to_exact_pdf_text" time="0.045" /><testcase classname="tests.agent.test_paper_evidence" name="test_pdf_word_gluing_maps_to_the_unique_exact_source" time="0.048" /><testcase classname="tests.agent.test_paper_evidence" name="test_semantic_changes_are_rejected[We hold out 1/16 of these for the test set.]" time="0.056" /><testcase classname="tests.agent.test_paper_evidence" name="test_semantic_changes_are_rejected[We hold out 1/8 of these for the validation set.]" time="0.071" /><testcase classname="tests.agent.test_paper_evidence" name="test_semantic_changes_are_rejected[We report SSIM for the test set.]" time="0.093" /><testcase classname="tests.agent.test_paper_evidence" name="test_ambiguous_and_cross_block_quotes_are_rejected" time="0.143" /><testcase classname="tests.agent.test_paper_evidence" name="test_span_and_quote_must_point_to_same_source_range" time="0.053" /><testcase classname="tests.agent.test_paper_evidence" name="test_span_disambiguates_a_repeated_exact_quote" time="0.067" /><testcase classname="tests.agent.test_paper_evidence" name="test_search_finds_latex_fraction_with_plain_text_query" time="0.068" /><testcase classname="tests.agent.test_trace_subagents" name="test_dispatch_two_regions_parallel_publishes_and_finishes" time="1.639" /><testcase classname="tests.agent.test_trace_subagents" name="test_dispatch_sequential_fallback_when_parallelism_1" time="1.472" /><testcase classname="tests.agent.test_trace_subagents" name="test_dispatch_same_fingerprint_regions_are_idempotent" time="1.045" /><testcase classname="tests.agent.test_trace_subagents" name="test_cancel_during_dispatch_keeps_published_links" time="1.335" /><testcase classname="tests.agent.test_trace_subagents" name="test_dispatch_validation_dedupe_and_call_limit" time="0.947" /><testcase classname="tests.agent.test_trace_subagents" name="test_backoff_seconds_ranges" time="0.047" /><testcase classname="tests.agent.test_trace_subagents" name="test_parent_retry_applies_backoff_for_rate_limit" time="0.896" /><testcase classname="tests.agent.test_trace_subagents" name="test_parent_without_dispatch_behaves_as_before" time="0.930" /><testcase classname="tests.papers.test_geometry" name="test_extract_normalizes_point_boxes_against_page_size" time="0.051" /><testcase classname="tests.papers.test_geometry" name="test_extract_clamps_and_orders_degenerate_boxes" time="0.048" /><testcase classname="tests.papers.test_geometry" name="test_extract_page_number_is_one_based_from_page_idx" time="0.051" /><testcase classname="tests.papers.test_geometry" name="test_extract_descends_into_nested_table_blocks" time="0.055" /><testcase classname="tests.papers.test_geometry" name="test_extract_ignores_discarded_blocks" time="0.069" /><testcase classname="tests.papers.test_geometry" name="test_extract_tolerates_malformed_payloads" time="0.059" /><testcase classname="tests.papers.test_geometry" name="test_text_key_bridges_markdown_and_span_formatting" time="0.065" /><testcase classname="tests.papers.test_geometry" name="test_assign_line_boxes_matches_blocks_in_reading_order" time="0.058" /><testcase classname="tests.papers.test_geometry" name="test_assign_line_boxes_advances_cursor_between_blocks" time="0.047" /><testcase classname="tests.papers.test_geometry" name="test_assign_line_boxes_resyncs_past_unmatched_lines" time="0.048" /><testcase classname="tests.papers.test_geometry" name="test_assign_line_boxes_leaves_unmatched_blocks_empty" time="0.068" /><testcase classname="tests.papers.test_geometry" name="test_assign_line_boxes_prefers_an_exact_match_over_an_earlier_partial" time="0.060" /><testcase classname="tests.papers.test_geometry" name="test_assign_line_boxes_records_page_size_even_without_a_line_match" time="0.049" /><testcase classname="tests.papers.test_geometry" name="test_assign_line_boxes_without_geometry_is_a_noop" time="0.050" /><testcase classname="tests.papers.test_geometry" name="test_normalizer_attaches_line_boxes_from_folded_middle_json" time="0.056" /><testcase classname="tests.papers.test_geometry" name="test_normalizer_without_middle_json_keeps_blocks_line_free" time="0.058" /><testcase classname="tests.papers.test_mineru_official" name="test_official_api_upload_poll_download_and_normalize" time="0.049" /><testcase classname="tests.papers.test_mineru_official" name="test_official_api_requires_token" time="0.052" /><testcase classname="tests.papers.test_mineru_official" name="test_parser_factory_selects_provider" time="0.057" /><testcase classname="tests.papers.test_mineru_parser" name="test_mineru_parser_uses_async_api_and_decodes_result_zip" time="0.062" /><testcase classname="tests.papers.test_mineru_parser" name="test_mineru_parser_folds_middle_json_into_page_geometry" time="0.081" /><testcase classname="tests.papers.test_mineru_parser" name="test_mineru_parser_without_middle_json_still_parses" time="0.050" /><testcase classname="tests.papers.test_mineru_parser" name="test_mineru_client_times_out_pending_task" time="0.049" /><testcase classname="tests.papers.test_mineru_parser" name="test_local_mineru_defaults_to_supported_pipeline_backend" time="0.069" /><testcase classname="tests.papers.test_normalizer" name="test_normalize_mineru_content_list_preserves_pages_sections_and_anchors" time="0.045" /><testcase classname="tests.papers.test_normalizer" name="test_normalize_rejects_empty_or_unknown_payload" time="0.044" /><testcase classname="tests.papers.test_normalizer" name="test_normalize_real_content_list_v2_page_arrays" time="0.058" /><testcase classname="tests.papers.test_paper_job_api" name="test_paper_job_api_returns_status_and_persists_result" time="0.312" /><testcase classname="tests.papers.test_paper_job_api" name="test_paper_job_api_rejects_empty_pdf" time="0.192" /><testcase classname="tests.papers.test_paper_job_api" name="test_paper_file_endpoint_serves_the_original_pdf" time="0.228" /><testcase classname="tests.papers.test_paper_job_api" name="test_paper_file_endpoint_404s_when_the_stored_pdf_is_gone" time="0.335" /><testcase classname="tests.papers.test_paper_job_api" name="test_paper_document_serves_mineru_markdown_and_assets" time="0.351" /><testcase classname="tests.papers.test_parse_jobs" name="test_parse_job_saves_raw_normalized_output_and_reuses_cache" time="0.149" /><testcase classname="tests.papers.test_parse_jobs" name="test_parse_job_records_parser_failure" time="0.114" /><testcase classname="tests.papers.test_parse_jobs" name="test_get_waits_for_an_in_progress_job_file_update" time="0.149" /><testcase classname="tests.papers.test_project_mock_layers.TestMinerUParserWithMockedClient" name="test_parse_orchestrates_health_submit_wait_result" time="0.070" /><testcase classname="tests.papers.test_project_mock_layers.TestMinerUParserWithMockedClient" name="test_parse_rejects_missing_or_empty_pdf_without_calling_client" time="0.086" /><testcase classname="tests.papers.test_project_mock_layers.TestMinerUParserWithMockedClient" name="test_parse_propagates_client_errors" time="0.086" /><testcase classname="tests.papers.test_project_mock_layers.TestPaperParsingServiceWithMockedParser" name="test_submit_calls_mocked_parser_and_persists_success" time="0.080" /><testcase classname="tests.papers.test_project_mock_layers.TestPaperParsingServiceWithMockedParser" name="test_submit_records_failure_when_mocked_parser_raises" time="0.073" /><testcase classname="tests.papers.test_project_mock_layers" name="test_patch_create_mineru_parser_when_constructing_default_service" time="0.062" /><testcase classname="tests.projects.test_project_confidence_api" name="test_project_routes_cover_confidence_patch_and_crud_contract" time="0.185" /><testcase classname="tests.projects.test_project_deletion" name="test_batch_delete_removes_related_rows_and_project_files" time="0.137" /><testcase classname="tests.rag.test_rag_agent_tools" name="test_semantic_tools_are_offered_to_trace_agent_and_its_subagents" time="0.081" /><testcase classname="tests.rag.test_rag_agent_tools" name="test_architecture_agent_gets_code_retrieval_but_not_paper_retrieval" time="0.053" /><testcase classname="tests.rag.test_rag_agent_tools" name="test_analysis_agent_semantic_paper_search_returns_ranked_block_ids" time="0.099" /><testcase classname="tests.rag.test_rag_agent_tools" name="test_analysis_agent_semantic_code_search_returns_path_and_lines" time="0.112" /><testcase classname="tests.rag.test_rag_agent_tools" name="test_semantic_search_without_index_instructs_fallback_instead_of_failing" time="0.104" /><testcase classname="tests.rag.test_rag_agent_tools" name="test_recall_trace_cases_marks_precedents_as_non_evidence" time="0.131" /><testcase classname="tests.rag.test_rag_agent_tools" name="test_conversation_agent_semantic_paper_search_works" time="0.137" /><testcase classname="tests.rag.test_rag_agent_tools" name="test_conversation_agent_unavailable_index_suggests_keyword_tools" time="0.099" /><testcase classname="tests.rag.test_rag_agent_tools" name="test_trace_precedents_block_is_injected_into_the_trace_prompt" time="0.112" /><testcase classname="tests.rag.test_rag_agent_tools" name="test_trace_prompt_has_no_precedent_block_before_any_review" time="0.107" /><testcase classname="tests.rag.test_rag_agent_tools" name="test_rag_status_endpoint_lists_pending_scopes_on_a_new_project" time="0.099" /><testcase classname="tests.rag.test_rag_agent_tools" name="test_rag_rebuild_endpoint_returns_a_result_per_scope" time="0.090" /><testcase classname="tests.rag.test_rag_agent_tools" name="test_rag_search_endpoint_rejects_an_unknown_scope" time="0.090" /><testcase classname="tests.rag.test_rag_agent_tools" name="test_integration_settings_expose_and_persist_rag_configuration" time="0.097" /><testcase classname="tests.rag.test_rag_agent_tools" name="test_switching_embedder_dimensions_invalidates_existing_indexes" time="0.127" /><testcase classname="tests.rag.test_rag_agent_tools" name="test_review_verdict_through_the_api_invalidates_the_trace_index" time="0.111" /><testcase classname="tests.rag.test_rag_chunking_boundaries" name="test_paper_chunks_reject_identifier_that_stringifies_to_empty" time="0.052" /><testcase classname="tests.rag.test_rag_chunking_embeddings" name="test_paper_chunks_fall_back_to_paragraphs_and_split_long_blocks" time="0.056" /><testcase classname="tests.rag.test_rag_chunking_embeddings" name="test_paper_chunks_prefer_page_blocks_and_normalize_section_path" time="0.052" /><testcase classname="tests.rag.test_rag_chunking_embeddings" name="test_code_chunks_filter_symbols_and_tolerate_unreadable_source" time="0.072" /><testcase classname="tests.rag.test_rag_chunking_embeddings" name="test_code_chunks_include_source_and_limit_embedding_surface" time="0.058" /><testcase classname="tests.rag.test_rag_chunking_embeddings" name="test_trace_chunks_ignore_invalid_evidence_and_empty_links" time="0.051" /><testcase classname="tests.rag.test_rag_chunking_embeddings" name="test_tokenize_and_local_embedder_cover_empty_camel_case_and_cjk" time="0.052" /><testcase classname="tests.rag.test_rag_chunking_embeddings" name="test_remote_embedder_orders_vectors_batches_and_clips_input" time="0.066" /><testcase classname="tests.rag.test_rag_chunking_embeddings" name="test_remote_embedder_maps_invalid_responses[response0-embedding_unauthorized]" time="0.064" /><testcase classname="tests.rag.test_rag_chunking_embeddings" name="test_remote_embedder_maps_invalid_responses[response1-embedding_rate_limited]" time="0.075" /><testcase classname="tests.rag.test_rag_chunking_embeddings" name="test_remote_embedder_maps_invalid_responses[response2-embedding_http_503]" time="0.065" /><testcase classname="tests.rag.test_rag_chunking_embeddings" name="test_remote_embedder_maps_invalid_responses[response3-embedding_response_invalid]" time="0.076" /><testcase classname="tests.rag.test_rag_chunking_embeddings" name="test_remote_embedder_maps_invalid_responses[response4-embedding_response_invalid]" time="0.050" /><testcase classname="tests.rag.test_rag_chunking_embeddings" name="test_remote_embedder_maps_invalid_responses[response5-embedding_response_invalid]" time="0.057" /><testcase classname="tests.rag.test_rag_chunking_embeddings" name="test_remote_embedder_maps_invalid_responses[response6-embedding_response_invalid]" time="0.072" /><testcase classname="tests.rag.test_rag_chunking_embeddings" name="test_remote_embedder_maps_invalid_responses[response7-embedding_count_mismatch]" time="0.068" /><testcase classname="tests.rag.test_rag_chunking_embeddings" name="test_remote_embedder_maps_invalid_responses[response8-embedding_response_invalid]" time="0.052" /><testcase classname="tests.rag.test_rag_chunking_embeddings" name="test_remote_embedder_maps_transport_failures[failure0-embedding_timeout]" time="0.068" /><testcase classname="tests.rag.test_rag_chunking_embeddings" name="test_remote_embedder_maps_transport_failures[failure1-embedding_unreachable]" time="0.057" /><testcase classname="tests.rag.test_rag_chunking_embeddings" name="test_remote_embedder_empty_input_does_not_create_client" time="0.058" /><testcase classname="tests.rag.test_rag_embedding_boundaries" name="test_vector_encoding_cosine_and_zero_normalization_boundaries" time="0.070" /><testcase classname="tests.rag.test_rag_index" name="test_local_embedder_ranks_semantic_match_above_unrelated_text" time="0.068" /><testcase classname="tests.rag.test_rag_index" name="test_vector_roundtrip_is_lossless_within_float32" time="0.071" /><testcase classname="tests.rag.test_rag_index" name="test_cosine_of_mismatched_dimensions_is_zero_not_an_error" time="0.060" /><testcase classname="tests.rag.test_rag_index" name="test_paper_index_build_then_semantic_search_finds_method_block" time="0.124" /><testcase classname="tests.rag.test_rag_index" name="test_paper_index_is_reused_until_content_hash_changes" time="0.148" /><testcase classname="tests.rag.test_rag_index" name="test_code_index_ranks_real_implementation_above_config_symbol" time="0.145" /><testcase classname="tests.rag.test_rag_index" name="test_search_on_missing_source_reports_reason_instead_of_raising" time="0.121" /><testcase classname="tests.rag.test_rag_index" name="test_disabled_rag_short_circuits_build_and_search" time="0.120" /><testcase classname="tests.rag.test_rag_index" name="test_index_status_reports_every_scope" time="0.140" /><testcase classname="tests.rag.test_rag_index" name="test_trace_scope_indexes_only_reviewed_links_and_recalls_precedents" time="0.093" /><testcase classname="tests.rag.test_rag_index" name="test_new_review_verdict_invalidates_the_trace_index" time="0.118" /><testcase classname="tests.rag.test_rag_service_boundaries" name="test_rag_unavailable_exposes_a_stable_reason" time="0.064" /><testcase classname="tests.rag.test_rag_service_boundaries" name="test_build_and_search_reject_invalid_input_before_touching_storage" time="0.087" /><testcase classname="tests.rag.test_rag_service_boundaries" name="test_resolve_embedder_rejects_disabled_rag" time="0.112" /><testcase classname="tests.rag.test_rag_service_boundaries" name="test_resolve_embedder_builds_configured_remote_provider[512-0]" time="0.087" /><testcase classname="tests.rag.test_rag_service_boundaries" name="test_resolve_embedder_builds_configured_remote_provider[1024-1024]" time="0.102" /><testcase classname="tests.rag.test_rag_service_boundaries" name="test_incomplete_remote_configuration_falls_back_to_local" time="0.090" /><testcase classname="tests.rag.test_rag_service_boundaries" name="test_build_drops_stale_chunks_when_the_source_becomes_unavailable" time="0.198" /><testcase classname="tests.rag.test_rag_service_boundaries" name="test_build_reports_disabled_if_embedder_resolution_becomes_unavailable" time="0.093" /><testcase classname="tests.rag.test_rag_service_boundaries" name="test_build_records_a_ready_empty_generation" time="0.138" /><testcase classname="tests.rag.test_rag_service_boundaries" name="test_build_persists_embedding_failure_and_search_surfaces_it" time="0.131" /><testcase classname="tests.rag.test_rag_service_boundaries" name="test_search_uses_default_reason_for_failed_state_without_an_error" time="0.109" /><testcase classname="tests.rag.test_rag_service_boundaries" name="test_search_degrades_when_query_embedding_fails[error0-rag_runtime_unavailable]" time="0.134" /><testcase classname="tests.rag.test_rag_service_boundaries" name="test_search_degrades_when_query_embedding_fails[error1-embedding_query_failure]" time="0.111" /><testcase classname="tests.rag.test_rag_service_boundaries" name="test_search_deduplicates_overlapping_chunks_with_the_same_ref" time="0.105" /><testcase classname="tests.rag.test_rag_service_boundaries" name="test_refresh_skips_builds_when_disabled" time="0.112" /><testcase classname="tests.rag.test_rag_service_boundaries" name="test_refresh_continues_after_one_scope_fails" time="0.131" /><testcase classname="tests.rag.test_rag_service_boundaries" name="test_refresh_swallows_session_setup_failure" time="0.039" /><testcase classname="tests.rag.test_rag_service_boundaries" name="test_invalidate_is_advisory_when_storage_fails" time="0.092" /><testcase classname="tests.rag.test_rag_service_boundaries" name="test_rag_api_returns_404_for_an_unknown_project" time="0.116" /><testcase classname="tests.rag.test_rag_service_boundaries" name="test_rag_search_api_validates_query_and_limit[search-params0]" time="0.084" /><testcase classname="tests.rag.test_rag_service_boundaries" name="test_rag_search_api_validates_query_and_limit[search-params1]" time="0.103" /><testcase classname="tests.rag.test_rag_service_boundaries" name="test_rag_search_api_validates_query_and_limit[search-params2]" time="0.090" /><testcase classname="tests.rag.test_rag_service_boundaries" name="test_rag_search_api_validates_query_and_limit[search-params3]" time="0.095" /><testcase classname="tests.rag.test_rag_service_boundaries" name="test_rag_rebuild_api_forwards_single_scope_and_force" time="0.118" /><testcase classname="tests.rag.test_rag_service_boundaries" name="test_rag_search_api_forwards_valid_parameters" time="0.107" /><testcase classname="tests.rag.test_rag_service_boundaries" name="test_rag_rebuild_api_rejects_an_invalid_scope" time="0.092" /><testcase classname="tests.repositories.test_analysis" name="test_repository_filtering_uses_git_exclude_and_build_defaults" time="0.072" /><testcase classname="tests.repositories.test_analysis" name="test_gitignore_priority_is_independent_of_zip_member_order" time="0.069" /><testcase classname="tests.repositories.test_analysis" name="test_python_symbols_and_calls_have_stable_locations" time="0.064" /><testcase classname="tests.repositories.test_analysis" name="test_tensor_graph_contains_branch_residual_merge_and_concat" time="0.059" /><testcase classname="tests.repositories.test_analysis" name="test_architecture_graph_selects_main_model_and_keeps_debug_graph" time="0.053" /><testcase classname="tests.repositories.test_analysis" name="test_architecture_graph_expands_project_calls_and_keeps_torch_terminals" time="0.089" /><testcase classname="tests.repositories.test_analysis" name="test_analysis_uses_saved_edit_overlay" time="0.123" /><testcase classname="tests.repositories.test_analysis" name="test_duplicate_archive_paths_are_rejected" time="0.075" /><testcase classname="tests.repositories.test_analysis_cache" name="test_large_repository_analysis_runs_in_background_and_persists" time="0.239" /><testcase classname="tests.repositories.test_api" name="test_repository_analysis_and_layout_endpoints_return_real_graph" time="0.346" /><testcase classname="tests.repositories.test_api" name="test_invalid_zip_has_clear_client_error" time="0.154" /><testcase classname="tests.repositories.test_api" name="test_replacing_repository_does_not_reuse_previous_edit_overlay" time="0.204" /><testcase classname="tests.repositories.test_api" name="test_openapi_operation_ids_are_unique" time="0.422" /><testcase classname="tests.repositories.test_api" name="test_main_router_exposes_agent_contract" time="0.051" /><testcase classname="tests.repositories.test_definition_resolve" name="test_resolve_same_file_function_definition" time="0.169" /><testcase classname="tests.repositories.test_definition_resolve" name="test_resolve_imported_function_definition" time="0.199" /><testcase classname="tests.repositories.test_definition_resolve" name="test_resolve_self_method_definition" time="0.146" /><testcase classname="tests.repositories.test_definition_resolve" name="test_materialize_checkout_returns_absolute_path" time="0.209" /><testcase classname="tests.repositories.test_file_access" name="test_read_and_save_are_limited_to_allowed_repository_paths" time="0.155" /><testcase classname="tests.repositories.test_file_access" name="test_save_rejects_oversized_utf8_content" time="0.054" /><testcase classname="tests.repositories.test_github" name="test_parse_github_repository_url_accepts_canonical_urls" time="0.064" /><testcase classname="tests.repositories.test_github" name="test_parse_github_repository_url_rejects_unsafe_or_non_repository_urls[http://github.com/pytorch/vision]" time="0.053" /><testcase classname="tests.repositories.test_github" name="test_parse_github_repository_url_rejects_unsafe_or_non_repository_urls[https://example.com/pytorch/vision]" time="0.048" /><testcase classname="tests.repositories.test_github" name="test_parse_github_repository_url_rejects_unsafe_or_non_repository_urls[https://github.com/pytorch/vision/issues]" time="0.047" /><testcase classname="tests.repositories.test_github" name="test_parse_github_repository_url_rejects_unsafe_or_non_repository_urls[https://user:token@github.com/pytorch/vision]" time="0.056" /><testcase classname="tests.repositories.test_github" name="test_parse_github_repository_url_rejects_unsafe_or_non_repository_urls[https://github.com/pytorch/vision?tab=readme]" time="0.066" /><testcase classname="tests.repositories.test_github" name="test_import_archive_uses_absolute_output_path" time="0.075" /><testcase classname="tests.repositories.test_lsp_bridge" name="test_encode_lsp_message_wraps_json" time="0.053" /><testcase classname="tests.repositories.test_lsp_bridge" name="test_decode_lsp_messages_single_frame" time="0.069" /><testcase classname="tests.repositories.test_lsp_bridge" name="test_decode_lsp_messages_multiple_frames" time="0.075" /><testcase classname="tests.repositories.test_lsp_bridge" name="test_hidden_subprocess_kwargs_suppresses_windows_console" time="0.072" /><testcase classname="tests.settings.test_integration_probe" name="test_agent_probe_reports_success_with_the_served_model" time="0.131" /><testcase classname="tests.settings.test_integration_probe" name="test_agent_probe_surfaces_the_providers_own_error_message" time="0.105" /><testcase classname="tests.settings.test_integration_probe" name="test_agent_probe_reports_transport_failure_instead_of_raising" time="0.173" /><testcase classname="tests.settings.test_integration_probe" name="test_agent_probe_without_a_stored_or_supplied_key_fails_before_any_request" time="0.132" /><testcase classname="tests.settings.test_integration_probe" name="test_mineru_local_probe_hits_health" time="0.149" /><testcase classname="tests.settings.test_integration_probe" name="test_mineru_official_probe_flags_a_rejected_token" time="0.576" /><testcase classname="tests.settings.test_integration_probe" name="test_mineru_official_probe_treats_a_missing_batch_as_reachable" time="0.195" /><testcase classname="tests.settings.test_integration_probe" name="test_probe_reuses_the_stored_secret_when_none_is_supplied" time="0.141" /><testcase classname="tests.settings.test_integration_settings_api" name="test_settings_are_saved_without_returning_secrets" time="0.110" /><testcase classname="tests.settings.test_integration_settings_api" name="test_blank_secret_preserves_it_and_clear_flag_removes_it" time="0.121" /><testcase classname="tests.settings.test_integration_settings_api" name="test_saving_agent_settings_does_not_start_trace_jobs" time="0.102" /><testcase classname="tests.sync.test_cloud_import_fidelity" name="test_trace_payload_carries_scoring_and_provenance" time="0.045" /><testcase classname="tests.sync.test_cloud_import_fidelity" name="test_trace_payload_translates_local_ids_to_public_ids" time="0.061" /><testcase classname="tests.sync.test_cloud_import_fidelity" name="test_locally_importable_types_are_accepted_by_the_server" time="0.051" /><testcase classname="tests.sync.test_cloud_import_fidelity" name="test_imported_paper_is_not_stamped_as_a_final_pypdf_parse" time="0.163" /><testcase classname="tests.sync.test_cloud_import_fidelity" name="test_backfill_repairs_projects_enabled_before_the_protocol_grew" time="0.156" /><testcase classname="tests.sync.test_cloud_import_fidelity" name="test_machine_derived_types_do_not_raise_human_conflicts" time="0.053" /><testcase classname="tests.sync.test_cloud_import_fidelity" name="test_repair_rescues_papers_imported_by_the_old_broken_path" time="4.149" /><testcase classname="tests.sync.test_device_adopt" name="test_adopt_repoints_state_and_pending_outbox" time="0.140" /><testcase classname="tests.sync.test_device_adopt" name="test_adopt_noop_when_no_state" time="0.099" /><testcase classname="tests.sync.test_device_adopt" name="test_enable_on_rotated_device_adopts_instead_of_409" time="0.185" /><testcase classname="tests.sync.test_forbidden_key_scrub" name="test_scrub_drops_forbidden_keys_recursively" time="0.068" /><testcase classname="tests.sync.test_forbidden_key_scrub" name="test_scrub_is_non_mutating" time="0.050" /><testcase classname="tests.sync.test_forbidden_key_scrub" name="test_local_forbidden_keys_superset_of_server" time="0.053" /><testcase classname="tests.sync.test_forbidden_key_scrub" name="test_record_local_operation_scrubs_on_write" time="0.154" /><testcase classname="tests.sync.test_forbidden_key_scrub" name="test_read_outbox_heals_pre_existing_poison_rows" time="0.129" /><testcase classname="tests.sync.test_local_sync_modes" name="test_local_project_never_enters_outbox_before_explicit_enable" time="0.156" /><testcase classname="tests.sync.test_local_sync_modes" name="test_paused_project_is_device_local_and_suppresses_outbox" time="0.194" /><testcase classname="tests.sync.test_local_sync_modes" name="test_remote_project_metadata_does_not_resume_paused_desktop" time="0.164" /><testcase classname="tests.sync.test_local_sync_modes" name="test_detach_restores_local_only_without_deleting_local_project" time="0.158" /><testcase classname="tests.sync.test_local_sync_modes" name="test_deleting_desktop_project_never_queues_cloud_project_delete" time="0.151" /><testcase classname="tests.sync.test_local_sync_modes" name="test_conflict_keeps_local_operation_until_explicit_resolution" time="0.160" /><testcase classname="tests.sync.test_local_sync_modes" name="test_agent_history_uses_uuid_boundary_and_suppresses_pending_when_disabled" time="0.229" /><testcase classname="tests.sync.test_local_sync_modes" name="test_desktop_preserves_downloaded_file_versions_and_selects_by_cloud_uuid" time="0.227" /><testcase classname="tests.test_code_analyzer" name="test_analyze_code_archive_respects_gitignore_and_macos_artifacts" time="0.056" /><testcase classname="tests.test_code_analyzer" name="test_is_editor_readable_file_blocks_binary_assets" time="0.059" /><testcase classname="tests.test_confidence_migration" name="test_0014_adds_a_false_default_without_losing_projects_and_downgrades" time="1.100" /><testcase classname="tests.test_confidence_migration" name="test_0014_column_guard_handles_missing_table" time="0.075" /><testcase classname="tests.test_desktop" name="test_desktop_environment_allows_tauri_and_vite_origins" time="0.062" /><testcase classname="tests.test_health" name="test_health" time="0.106" /><testcase classname="tests.test_health" name="test_tauri_origin_is_allowed" time="0.093" /><testcase classname="tests.test_migrations" name="test_fresh_sqlite_migration_reaches_local_head_without_cloud_tables" time="1.222" /><testcase classname="tests.test_migrations" name="test_desktop_schema_created_at_revision_four_but_stamped_one_upgrades_losslessly" time="1.353" /><testcase classname="tests.test_migrations" name="test_0012_repairs_early_0010_trace_target_drift" time="1.426" /><testcase classname="tests.test_migrations" name="test_drop_drifted_target_tables_only_drops_prototype_schema" time="0.083" /><testcase classname="tests.test_projects" name="test_create_and_list_project" time="0.137" /><testcase classname="tests.test_workspace" name="test_read_workspace_placeholder" time="0.219" /><testcase classname="tests.test_workspace" name="test_read_workspace_code_tree_is_filtered_repository_tree" time="0.198" /><testcase classname="tests.test_workspace" name="test_read_workspace_code_file_by_path" time="0.112" /><testcase classname="tests.test_workspace" name="test_read_workspace_code_file_not_found" time="0.147" /><testcase classname="tests.test_workspace" name="test_save_workspace_code_file_placeholder" time="0.141" /><testcase classname="tests.test_workspace" name="test_read_tensor_flow_placeholder_trace_svg" time="0.191" /><testcase classname="tests.test_workspace" name="test_start_workspace_analysis_placeholder" time="0.192" /><testcase classname="tests.test_workspace_integration" name="test_workspace_minimal_closed_loop" time="0.249" /><testcase classname="tests.tracing.test_annotation_mode" name="test_line_range_ref_without_evidence_derives_both_quotes" time="0.120" /><testcase classname="tests.tracing.test_annotation_mode" name="test_manual_link_carries_anchor_ids_so_both_panes_can_decorate" time="0.152" /><testcase classname="tests.tracing.test_annotation_mode" name="test_same_paper_block_reuses_one_anchor_across_fanout" time="0.127" /><testcase classname="tests.tracing.test_annotation_mode" name="test_anchor_id_is_stable_across_identical_recreation" time="0.221" /><testcase classname="tests.tracing.test_annotation_mode" name="test_single_line_ref_is_accepted" time="0.202" /><testcase classname="tests.tracing.test_annotation_mode" name="test_out_of_range_lines_are_clamped_to_the_file" time="0.207" /><testcase classname="tests.tracing.test_annotation_mode" name="test_explicit_evidence_is_preserved_and_not_overwritten" time="0.135" /><testcase classname="tests.tracing.test_annotation_mode" name="test_unresolvable_paper_block_is_rejected_not_silently_stored" time="0.131" /><testcase classname="tests.tracing.test_annotation_mode" name="test_unresolvable_code_reference_is_rejected" time="0.137" /><testcase classname="tests.tracing.test_annotation_mode" name="test_update_and_delete_round_trip" time="0.177" /><testcase classname="tests.tracing.test_annotation_mode" name="test_anchor_helpers_cover_flat_blocks_symbols_files_and_unreadable_content" time="0.067" /><testcase classname="tests.tracing.test_code_anchor_recovery" name="test_locate_approximate_span_finds_reformatted_quote" time="0.061" /><testcase classname="tests.tracing.test_code_anchor_recovery" name="test_approximate_anchor_narrows_match_to_verified_lines" time="0.062" /><testcase classname="tests.tracing.test_code_anchor_recovery" name="test_approximate_anchor_replaces_a_wrong_declared_range" time="0.084" /><testcase classname="tests.tracing.test_pipeline" name="test_static_pipeline_is_retired_and_persists_nothing" time="0.112" /><testcase classname="tests.tracing.test_pipeline" name="test_retired_suggest_preserves_existing_accepted_link" time="0.312" /><testcase classname="tests.tracing.test_pipeline" name="test_compatible_provider_maps_failures_to_safe_reason_codes[429-body0-llm_rate_limited]" time="0.065" /><testcase classname="tests.tracing.test_pipeline" name="test_compatible_provider_maps_failures_to_safe_reason_codes[503-body1-llm_upstream_error]" time="0.066" /><testcase classname="tests.tracing.test_pipeline" name="test_compatible_provider_maps_failures_to_safe_reason_codes[400-body2-llm_request_rejected]" time="0.044" /><testcase classname="tests.tracing.test_pipeline" name="test_compatible_provider_maps_failures_to_safe_reason_codes[200-body3-llm_invalid_json]" time="0.052" /><testcase classname="tests.tracing.test_pipeline" name="test_compatible_provider_maps_timeout_without_exposing_request" time="0.054" /><testcase classname="tests.tracing.test_pipeline" name="test_code_revision_marks_accepted_trace_stale" time="0.116" /><testcase classname="tests.tracing.test_pipeline" name="test_legacy_sqlite_schema_is_upgraded_and_old_trace_is_stale" time="1.330" /><testcase classname="tests.tracing.test_trace_api" name="test_trace_api_generation_and_review_contract" time="0.156" /><testcase classname="tests.tracing.test_trace_api" name="test_batch_status_reviews_subset_then_all_remaining_proposed" time="0.160" /><testcase classname="tests.tracing.test_trace_api" name="test_single_review_revert_roundtrip" time="0.187" /><testcase classname="tests.tracing.test_trace_api" name="test_batch_status_revert_decided_links" time="0.147" /><testcase classname="tests.tracing.test_trace_api" name="test_clear_defaults_to_proposed_and_keeps_reviewed_decisions" time="0.175" /><testcase classname="tests.tracing.test_trace_api" name="test_clear_agent_scope_spares_manual_relations" time="0.118" /><testcase classname="tests.tracing.test_trace_api" name="test_clear_all_scope_empties_the_project" time="0.158" /><testcase classname="tests.tracing.test_trace_api" name="test_clear_rejects_unknown_scope" time="0.142" /></testsuite></testsuites>
