<?xml version="1.0" encoding="utf-8"?><testsuites name="pytest tests"><testsuite name="pytest" errors="0" failures="0" skipped="0" tests="52" time="1.607" timestamp="2026-07-30T16:15:12.165054+08:00" hostname="LAPTOP-SNLLGVHI"><testcase classname="tests.test_code_analyzer" name="test_analyze_code_archive_respects_gitignore_and_macos_artifacts" time="0.056" /><testcase classname="tests.test_code_analyzer" name="test_is_editor_readable_file_blocks_binary_assets" time="0.037" /><testcase classname="tests.repositories.test_analysis" name="test_repository_filtering_uses_git_exclude_and_build_defaults" time="0.040" /><testcase classname="tests.repositories.test_analysis" name="test_gitignore_priority_is_independent_of_zip_member_order" time="0.037" /><testcase classname="tests.repositories.test_analysis" name="test_python_symbols_and_calls_have_stable_locations" time="0.043" /><testcase classname="tests.repositories.test_analysis" name="test_tensor_graph_contains_branch_residual_merge_and_concat" time="0.040" /><testcase classname="tests.repositories.test_analysis" name="test_architecture_graph_selects_main_model_and_keeps_debug_graph" time="0.062" /><testcase classname="tests.repositories.test_analysis" name="test_architecture_graph_expands_project_calls_and_keeps_torch_terminals" time="0.080" /><testcase classname="tests.repositories.test_analysis" name="test_analysis_uses_saved_edit_overlay" time="0.089" /><testcase classname="tests.repositories.test_analysis" name="test_duplicate_archive_paths_are_rejected" time="0.093" /><testcase classname="tests.repositories.test_file_access" name="test_read_and_save_are_limited_to_allowed_repository_paths" time="0.108" /><testcase classname="tests.repositories.test_file_access" name="test_save_rejects_oversized_utf8_content" time="0.092" /><testcase classname="" name="test_analysis_falls_back_to_archived_source_when_edit_is_invalid" time="0.018" /><testcase classname="" name="test_count_filtered_files_reports_default_ignores" time="0.010" /><testcase classname="" name="test_safe_members_skips_directories_links_and_unsafe_paths" time="0.009" /><testcase classname="" name="test_safe_members_rejects_excessive_entry_count" time="0.001" /><testcase classname="" name="test_safe_members_defends_against_growing_member_list" time="0.002" /><testcase classname="" name="test_safe_members_rejects_excessive_uncompressed_size" time="0.001" /><testcase classname="" name="test_empty_archive_has_no_common_top_folder" time="0.001" /><testcase classname="" name="test_archive_listing_discards_an_empty_display_path" time="0.002" /><testcase classname="" name="test_oversized_ignore_file_is_not_applied" time="0.012" /><testcase classname="" name="test_read_rejects_invalid_utf8_and_oversized_archive_files" time="0.015" /><testcase classname="" name="test_read_and_save_reject_binary_file_types" time="0.009" /><testcase classname="" name="test_edit_target_cannot_equal_the_edit_root" time="0.009" /><testcase classname="" name="test_read_rejects_symlink_and_oversized_edit_overlays" time="0.020" /><testcase classname="" name="test_save_rejects_symlinked_parent_directory" time="0.017" /><testcase classname="" name="test_language_classification_covers_supported_categories[README.md-docs]" time="0.001" /><testcase classname="" name="test_language_classification_covers_supported_categories[settings.yaml-config]" time="0.001" /><testcase classname="" name="test_language_classification_covers_supported_categories[photo.png-binary]" time="0.001" /><testcase classname="" name="test_language_classification_covers_supported_categories[script.sh-other]" time="0.001" /><testcase classname="" name="test_python_analysis_handles_async_functions_and_syntax_errors" time="0.002" /><testcase classname="" name="test_empty_file_list_builds_an_empty_tree" time="0.001" /><testcase classname="" name="test_file_tree_builds_sorted_folders_and_language_metadata" time="0.001" /><testcase classname="" name="test_archive_rejects_limits_and_skips_unsafe_members" time="0.013" /><testcase classname="" name="test_oversized_ignore_file_is_ignored_as_configuration" time="0.010" /><testcase classname="" name="test_editor_rejects_non_utf8_types_and_oversized_sources" time="0.012" /><testcase classname="" name="test_editor_rejects_unsafe_overlay_targets" time="0.011" /><testcase classname="" name="test_editor_rejects_oversized_saved_overlay" time="0.018" /><testcase classname="" name="test_scan_count_languages_and_empty_tree" time="0.013" /><testcase classname="" name="test_analysis_falls_back_to_archive_when_overlay_is_unreadable" time="0.012" /><testcase classname="" name="test_python_ast_handles_async_functions_and_syntax_errors" time="0.001" /><testcase classname="" name="test_definition_index_resolves_self_dynamic_and_ambiguous_calls" time="0.002" /><testcase classname="" name="test_definition_index_resolves_imported_and_global_symbols" time="0.001" /><testcase classname="" name="test_definition_index_reports_import_and_same_file_ambiguity" time="0.001" /><testcase classname="" name="test_definition_helpers_cover_fallbacks_and_identifier_extraction" time="0.002" /><testcase classname="" name="test_resolve_definition_rejects_unsupported_or_unanalysed_files" time="0.001" /><testcase classname="" name="test_lsp_decoder_handles_partial_and_invalid_frames" time="0.001" /><testcase classname="" name="test_basedpyright_command_prefers_installed_executable" time="0.001" /><testcase classname="" name="test_lsp_session_io_and_close_paths" time="0.027" /><testcase classname="" name="test_start_lsp_session_replaces_previous_session" time="0.009" /><testcase classname="" name="test_lsp_pumps_and_process_error_notification" time="0.012" /><testcase classname="" name="test_run_websocket_bridge_closes_and_calls_hook" time="0.010" /></testsuite></testsuites>
