<?xml version="1.0" encoding="utf-8"?><testsuites name="pytest tests"><testsuite name="pytest" errors="0" failures="0" skipped="0" tests="74" time="8.343" timestamp="2026-07-30T16:16:06.863817+08:00" hostname="LAPTOP-SNLLGVHI"><testcase classname="tests.rag.test_rag_agent_tools" name="test_semantic_tools_are_offered_to_trace_agent_and_its_subagents" time="0.066" /><testcase classname="tests.rag.test_rag_agent_tools" name="test_architecture_agent_gets_code_retrieval_but_not_paper_retrieval" time="0.042" /><testcase classname="tests.rag.test_rag_agent_tools" name="test_analysis_agent_semantic_paper_search_returns_ranked_block_ids" time="0.107" /><testcase classname="tests.rag.test_rag_agent_tools" name="test_analysis_agent_semantic_code_search_returns_path_and_lines" time="0.110" /><testcase classname="tests.rag.test_rag_agent_tools" name="test_semantic_search_without_index_instructs_fallback_instead_of_failing" time="0.118" /><testcase classname="tests.rag.test_rag_agent_tools" name="test_recall_trace_cases_marks_precedents_as_non_evidence" time="0.149" /><testcase classname="tests.rag.test_rag_agent_tools" name="test_conversation_agent_semantic_paper_search_works" time="0.161" /><testcase classname="tests.rag.test_rag_agent_tools" name="test_conversation_agent_unavailable_index_suggests_keyword_tools" time="0.138" /><testcase classname="tests.rag.test_rag_agent_tools" name="test_trace_precedents_block_is_injected_into_the_trace_prompt" time="0.156" /><testcase classname="tests.rag.test_rag_agent_tools" name="test_trace_prompt_has_no_precedent_block_before_any_review" time="0.137" /><testcase classname="tests.rag.test_rag_agent_tools" name="test_rag_status_endpoint_lists_pending_scopes_on_a_new_project" time="0.217" /><testcase classname="tests.rag.test_rag_agent_tools" name="test_rag_rebuild_endpoint_returns_a_result_per_scope" time="0.119" /><testcase classname="tests.rag.test_rag_agent_tools" name="test_rag_search_endpoint_rejects_an_unknown_scope" time="0.105" /><testcase classname="tests.rag.test_rag_agent_tools" name="test_integration_settings_expose_and_persist_rag_configuration" time="0.100" /><testcase classname="tests.rag.test_rag_agent_tools" name="test_switching_embedder_dimensions_invalidates_existing_indexes" time="0.141" /><testcase classname="tests.rag.test_rag_agent_tools" name="test_review_verdict_through_the_api_invalidates_the_trace_index" time="0.114" /><testcase classname="tests.rag.test_rag_chunking_boundaries" name="test_paper_chunks_reject_identifier_that_stringifies_to_empty" time="0.074" /><testcase classname="tests.rag.test_rag_chunking_embeddings" name="test_paper_chunks_fall_back_to_paragraphs_and_split_long_blocks" time="0.074" /><testcase classname="tests.rag.test_rag_chunking_embeddings" name="test_paper_chunks_prefer_page_blocks_and_normalize_section_path" time="0.072" /><testcase classname="tests.rag.test_rag_chunking_embeddings" name="test_code_chunks_filter_symbols_and_tolerate_unreadable_source" time="0.072" /><testcase classname="tests.rag.test_rag_chunking_embeddings" name="test_code_chunks_include_source_and_limit_embedding_surface" time="0.068" /><testcase classname="tests.rag.test_rag_chunking_embeddings" name="test_trace_chunks_ignore_invalid_evidence_and_empty_links" time="0.067" /><testcase classname="tests.rag.test_rag_chunking_embeddings" name="test_tokenize_and_local_embedder_cover_empty_camel_case_and_cjk" time="0.071" /><testcase classname="tests.rag.test_rag_chunking_embeddings" name="test_remote_embedder_orders_vectors_batches_and_clips_input" time="0.075" /><testcase classname="tests.rag.test_rag_chunking_embeddings" name="test_remote_embedder_maps_invalid_responses[response0-embedding_unauthorized]" time="0.067" /><testcase classname="tests.rag.test_rag_chunking_embeddings" name="test_remote_embedder_maps_invalid_responses[response1-embedding_rate_limited]" time="0.073" /><testcase classname="tests.rag.test_rag_chunking_embeddings" name="test_remote_embedder_maps_invalid_responses[response2-embedding_http_503]" time="0.071" /><testcase classname="tests.rag.test_rag_chunking_embeddings" name="test_remote_embedder_maps_invalid_responses[response3-embedding_response_invalid]" time="0.070" /><testcase classname="tests.rag.test_rag_chunking_embeddings" name="test_remote_embedder_maps_invalid_responses[response4-embedding_response_invalid]" time="0.065" /><testcase classname="tests.rag.test_rag_chunking_embeddings" name="test_remote_embedder_maps_invalid_responses[response5-embedding_response_invalid]" time="0.068" /><testcase classname="tests.rag.test_rag_chunking_embeddings" name="test_remote_embedder_maps_invalid_responses[response6-embedding_response_invalid]" time="0.072" /><testcase classname="tests.rag.test_rag_chunking_embeddings" name="test_remote_embedder_maps_invalid_responses[response7-embedding_count_mismatch]" time="0.073" /><testcase classname="tests.rag.test_rag_chunking_embeddings" name="test_remote_embedder_maps_invalid_responses[response8-embedding_response_invalid]" time="0.078" /><testcase classname="tests.rag.test_rag_chunking_embeddings" name="test_remote_embedder_maps_transport_failures[failure0-embedding_timeout]" time="0.075" /><testcase classname="tests.rag.test_rag_chunking_embeddings" name="test_remote_embedder_maps_transport_failures[failure1-embedding_unreachable]" time="0.074" /><testcase classname="tests.rag.test_rag_chunking_embeddings" name="test_remote_embedder_empty_input_does_not_create_client" time="0.074" /><testcase classname="tests.rag.test_rag_embedding_boundaries" name="test_vector_encoding_cosine_and_zero_normalization_boundaries" time="0.076" /><testcase classname="tests.rag.test_rag_index" name="test_local_embedder_ranks_semantic_match_above_unrelated_text" time="0.077" /><testcase classname="tests.rag.test_rag_index" name="test_vector_roundtrip_is_lossless_within_float32" time="0.076" /><testcase classname="tests.rag.test_rag_index" name="test_cosine_of_mismatched_dimensions_is_zero_not_an_error" time="0.071" /><testcase classname="tests.rag.test_rag_index" name="test_paper_index_build_then_semantic_search_finds_method_block" time="0.146" /><testcase classname="tests.rag.test_rag_index" name="test_paper_index_is_reused_until_content_hash_changes" time="0.150" /><testcase classname="tests.rag.test_rag_index" name="test_code_index_ranks_real_implementation_above_config_symbol" time="0.171" /><testcase classname="tests.rag.test_rag_index" name="test_search_on_missing_source_reports_reason_instead_of_raising" time="0.128" /><testcase classname="tests.rag.test_rag_index" name="test_disabled_rag_short_circuits_build_and_search" time="0.134" /><testcase classname="tests.rag.test_rag_index" name="test_index_status_reports_every_scope" time="0.156" /><testcase classname="tests.rag.test_rag_index" name="test_trace_scope_indexes_only_reviewed_links_and_recalls_precedents" time="0.144" /><testcase classname="tests.rag.test_rag_index" name="test_new_review_verdict_invalidates_the_trace_index" time="0.150" /><testcase classname="tests.rag.test_rag_service_boundaries" name="test_rag_unavailable_exposes_a_stable_reason" time="0.075" /><testcase classname="tests.rag.test_rag_service_boundaries" name="test_build_and_search_reject_invalid_input_before_touching_storage" time="0.101" /><testcase classname="tests.rag.test_rag_service_boundaries" name="test_resolve_embedder_rejects_disabled_rag" time="0.110" /><testcase classname="tests.rag.test_rag_service_boundaries" name="test_resolve_embedder_builds_configured_remote_provider[512-0]" time="0.107" /><testcase classname="tests.rag.test_rag_service_boundaries" name="test_resolve_embedder_builds_configured_remote_provider[1024-1024]" time="0.112" /><testcase classname="tests.rag.test_rag_service_boundaries" name="test_incomplete_remote_configuration_falls_back_to_local" time="0.118" /><testcase classname="tests.rag.test_rag_service_boundaries" name="test_build_drops_stale_chunks_when_the_source_becomes_unavailable" time="0.153" /><testcase classname="tests.rag.test_rag_service_boundaries" name="test_build_reports_disabled_if_embedder_resolution_becomes_unavailable" time="0.144" /><testcase classname="tests.rag.test_rag_service_boundaries" name="test_build_records_a_ready_empty_generation" time="0.132" /><testcase classname="tests.rag.test_rag_service_boundaries" name="test_build_persists_embedding_failure_and_search_surfaces_it" time="0.127" /><testcase classname="tests.rag.test_rag_service_boundaries" name="test_search_uses_default_reason_for_failed_state_without_an_error" time="0.130" /><testcase classname="tests.rag.test_rag_service_boundaries" name="test_search_degrades_when_query_embedding_fails[error0-rag_runtime_unavailable]" time="0.129" /><testcase classname="tests.rag.test_rag_service_boundaries" name="test_search_degrades_when_query_embedding_fails[error1-embedding_query_failure]" time="0.142" /><testcase classname="tests.rag.test_rag_service_boundaries" name="test_search_deduplicates_overlapping_chunks_with_the_same_ref" time="0.136" /><testcase classname="tests.rag.test_rag_service_boundaries" name="test_refresh_skips_builds_when_disabled" time="0.110" /><testcase classname="tests.rag.test_rag_service_boundaries" name="test_refresh_continues_after_one_scope_fails" time="0.115" /><testcase classname="tests.rag.test_rag_service_boundaries" name="test_refresh_swallows_session_setup_failure" time="0.071" /><testcase classname="tests.rag.test_rag_service_boundaries" name="test_invalidate_is_advisory_when_storage_fails" time="0.069" /><testcase classname="tests.rag.test_rag_service_boundaries" name="test_rag_api_returns_404_for_an_unknown_project" time="0.092" /><testcase classname="tests.rag.test_rag_service_boundaries" name="test_rag_search_api_validates_query_and_limit[search-params0]" time="0.090" /><testcase classname="tests.rag.test_rag_service_boundaries" name="test_rag_search_api_validates_query_and_limit[search-params1]" time="0.095" /><testcase classname="tests.rag.test_rag_service_boundaries" name="test_rag_search_api_validates_query_and_limit[search-params2]" time="0.092" /><testcase classname="tests.rag.test_rag_service_boundaries" name="test_rag_search_api_validates_query_and_limit[search-params3]" time="0.100" /><testcase classname="tests.rag.test_rag_service_boundaries" name="test_rag_rebuild_api_forwards_single_scope_and_force" time="0.093" /><testcase classname="tests.rag.test_rag_service_boundaries" name="test_rag_search_api_forwards_valid_parameters" time="0.104" /><testcase classname="tests.rag.test_rag_service_boundaries" name="test_rag_rebuild_api_rejects_an_invalid_scope" time="0.098" /></testsuite></testsuites>
