<?xml version="1.0" encoding="utf-8"?><testsuites name="pytest tests"><testsuite name="pytest" errors="0" failures="0" skipped="0" tests="46" time="0.383" timestamp="2026-07-29T10:47:15.922392+08:00" hostname="LAPTOP-SNLLGVHI"><testcase classname="tests.test_probe" name="test_provider_detail_formats_common_error_bodies[response0-plain error]" time="0.001" /><testcase classname="tests.test_probe" name="test_provider_detail_formats_common_error_bodies[response1-nested]" time="0.000" /><testcase classname="tests.test_probe" name="test_provider_detail_formats_common_error_bodies[response2-direct]" time="0.000" /><testcase classname="tests.test_probe" name="test_provider_detail_formats_common_error_bodies[response3-message]" time="0.000" /><testcase classname="tests.test_probe" name="test_provider_detail_formats_common_error_bodies[response4-[&quot;detail&quot;]]" time="0.000" /><testcase classname="tests.test_probe" name="test_truncate_normalizes_whitespace_and_limits_length" time="0.000" /><testcase classname="tests.test_probe" name="test_probe_llm_validates_required_settings[config0-missing_base_url]" time="0.000" /><testcase classname="tests.test_probe" name="test_probe_llm_validates_required_settings[config1-missing_model]" time="0.000" /><testcase classname="tests.test_probe" name="test_probe_llm_validates_required_settings[config2-missing_api_key]" time="0.000" /><testcase classname="tests.test_probe" name="test_probe_llm_success_sends_openai_payload" time="0.000" /><testcase classname="tests.test_probe" name="test_probe_llm_handles_provider_responses[response0-unauthorized]" time="0.000" /><testcase classname="tests.test_probe" name="test_probe_llm_handles_provider_responses[response1-http_429]" time="0.000" /><testcase classname="tests.test_probe" name="test_probe_llm_handles_provider_responses[response2-unexpected_response]" time="0.000" /><testcase classname="tests.test_probe" name="test_probe_llm_handles_network_errors[&lt;lambda&gt;-timeout]" time="0.000" /><testcase classname="tests.test_probe" name="test_probe_llm_handles_network_errors[&lt;lambda&gt;-transport_error]" time="0.000" /><testcase classname="tests.test_probe" name="test_probe_mineru_local_requires_base_url" time="0.000" /><testcase classname="tests.test_probe" name="test_probe_mineru_local_handles_http_responses[response0-False-http_503]" time="0.000" /><testcase classname="tests.test_probe" name="test_probe_mineru_local_handles_http_responses[response1-True-ok]" time="0.000" /><testcase classname="tests.test_probe" name="test_probe_mineru_local_handles_network_errors[&lt;lambda&gt;-timeout]" time="0.000" /><testcase classname="tests.test_probe" name="test_probe_mineru_local_handles_network_errors[&lt;lambda&gt;-transport_error]" time="0.000" /><testcase classname="tests.test_probe" name="test_probe_mineru_official_requires_token" time="0.000" /><testcase classname="tests.test_probe" name="test_probe_mineru_official_handles_http_responses[response0-False-unauthorized]" time="0.000" /><testcase classname="tests.test_probe" name="test_probe_mineru_official_handles_http_responses[response1-False-http_500]" time="0.000" /><testcase classname="tests.test_probe" name="test_probe_mineru_official_handles_http_responses[response2-True-ok]" time="0.000" /><testcase classname="tests.test_probe" name="test_probe_mineru_official_handles_network_errors[&lt;lambda&gt;-timeout]" time="0.000" /><testcase classname="tests.test_probe" name="test_probe_mineru_official_handles_network_errors[&lt;lambda&gt;-transport_error]" time="0.000" /><testcase classname="tests.test_review" name="test_parse_code_target_line_range" time="0.000" /><testcase classname="tests.test_review" name="test_parse_code_target_symbol_fallback" time="0.000" /><testcase classname="tests.test_review" name="test_parse_code_target_other_fallbacks" time="0.000" /><testcase classname="tests.test_review" name="test_candidates_to_links_tolerates_llm_symbol_refs" time="0.001" /><testcase classname="tests.test_review" name="test_candidates_to_links_supports_dataclasses_and_defaults" time="0.000" /><testcase classname="tests.test_review" name="test_load_and_save_links_handle_missing_and_empty_payload" time="0.017" /><testcase classname="tests.test_review" name="test_update_link_status_updates_match" time="0.006" /><testcase classname="tests.test_review" name="test_update_link_status_returns_none_without_rewriting" time="0.005" /><testcase classname="tests.test_review" name="test_update_links_batch_by_trimmed_ids" time="0.005" /><testcase classname="tests.test_review" name="test_update_links_batch_all_proposed" time="0.006" /><testcase classname="tests.test_review" name="test_update_links_batch_reports_all_unknown_ids" time="0.005" /><testcase classname="tests.test_review" name="test_mark_stale_changes_only_old_proposals_and_sets_revision" time="0.005" /><testcase classname="tests.test_review" name="test_mark_stale_does_not_create_file_for_empty_workspace" time="0.006" /><testcase classname="tests.test_workspace" name="test_ensure_layout_creates_tracelab" time="0.004" /><testcase classname="tests.test_workspace" name="test_ensure_layout_preserves_existing_metadata" time="0.005" /><testcase classname="tests.test_workspace" name="test_import_pdf_copies_source" time="0.007" /><testcase classname="tests.test_workspace" name="test_tracelab_paths_relative" time="0.006" /><testcase classname="tests.test_workspace" name="test_tracelab_paths_exposes_every_artifact" time="0.002" /><testcase classname="tests.test_workspace" name="test_json_io_is_utf8_and_missing_path_returns_default" time="0.003" /><testcase classname="tests.test_workspace" name="test_append_job_log_writes_timestamped_payload" time="0.005" /></testsuite></testsuites>