<?xml version="1.0" encoding="utf-8"?><testsuites name="pytest tests"><testsuite name="pytest" errors="0" failures="0" skipped="0" tests="20" time="4.389" timestamp="2026-07-30T16:16:38.790008+08:00" hostname="LAPTOP-SNLLGVHI"><testcase classname="tests.tracing.test_annotation_mode" name="test_line_range_ref_without_evidence_derives_both_quotes" time="0.259" /><testcase classname="tests.tracing.test_annotation_mode" name="test_manual_link_carries_anchor_ids_so_both_panes_can_decorate" time="0.153" /><testcase classname="tests.tracing.test_annotation_mode" name="test_same_paper_block_reuses_one_anchor_across_fanout" time="0.167" /><testcase classname="tests.tracing.test_annotation_mode" name="test_anchor_id_is_stable_across_identical_recreation" time="0.233" /><testcase classname="tests.tracing.test_annotation_mode" name="test_single_line_ref_is_accepted" time="0.163" /><testcase classname="tests.tracing.test_annotation_mode" name="test_out_of_range_lines_are_clamped_to_the_file" time="0.159" /><testcase classname="tests.tracing.test_annotation_mode" name="test_explicit_evidence_is_preserved_and_not_overwritten" time="0.156" /><testcase classname="tests.tracing.test_annotation_mode" name="test_unresolvable_paper_block_is_rejected_not_silently_stored" time="0.150" /><testcase classname="tests.tracing.test_annotation_mode" name="test_unresolvable_code_reference_is_rejected" time="0.152" /><testcase classname="tests.tracing.test_annotation_mode" name="test_update_and_delete_round_trip" time="0.176" /><testcase classname="tests.tracing.test_annotation_mode" name="test_anchor_helpers_cover_flat_blocks_symbols_files_and_unreadable_content" time="0.069" /><testcase classname="tests.agent.test_confidence_boundaries" name="test_project_mode_defaults_off_and_reads_both_values" time="0.069" /><testcase classname="tests.agent.test_confidence_boundaries" name="test_old_schema_operational_error_falls_back_to_direct_scoring" time="0.069" /><testcase classname="tests.agent.test_confidence_boundaries" name="test_omitted_dimensions_keep_the_direct_agent_score" time="0.073" /><testcase classname="tests.agent.test_confidence_boundaries" name="test_explicit_default_dimensions_use_the_weighted_formula" time="0.069" /><testcase classname="tests.agent.test_confidence_boundaries" name="test_duplicate_and_unknown_penalties_are_applied_at_most_once" time="0.066" /><testcase classname="tests.agent.test_confidence_boundaries" name="test_formula_is_clamped_at_both_bounds" time="0.066" /><testcase classname="tests.projects.test_project_confidence_api" name="test_project_routes_cover_confidence_patch_and_crud_contract" time="0.247" /><testcase classname="tests.test_confidence_migration" name="test_0014_adds_a_false_default_without_losing_projects_and_downgrades" time="1.092" /><testcase classname="tests.test_confidence_migration" name="test_0014_column_guard_handles_missing_table" time="0.075" /></testsuite></testsuites>
