<?xml version="1.0" encoding="utf-8"?><testsuites name="pytest tests"><testsuite name="pytest" errors="0" failures="0" skipped="1" tests="40" time="6.023" timestamp="2026-07-28T15:55:22.339536+08:00" hostname="LAPTOP-SNLLGVHI"><testcase classname="tests.contract.test_server_boundaries" name="test_desktop_contract_routes_are_present" time="0.099" /><testcase classname="tests.contract.test_server_boundaries" name="test_server_has_no_backend_or_frontend_runtime_imports" time="0.007" /><testcase classname="tests.contract.test_server_boundaries" name="test_server_build_context_does_not_copy_application_frontend" time="0.001" /><testcase classname="tests.contract.test_server_boundaries" name="test_cloud_baseline_is_explicit_and_local_schema_is_not_owned" time="0.001" /><testcase classname="tests.contract.test_server_boundaries" name="test_application_frontend_source_was_not_copied_to_server" time="0.000" /><testcase classname="tests.contract.test_sync_validation" name="test_valid_trace_statuses_accepted[proposed]" time="0.000" /><testcase classname="tests.contract.test_sync_validation" name="test_valid_trace_statuses_accepted[accepted]" time="0.000" /><testcase classname="tests.contract.test_sync_validation" name="test_valid_trace_statuses_accepted[rejected]" time="0.000" /><testcase classname="tests.contract.test_sync_validation" name="test_valid_trace_statuses_accepted[stale]" time="0.000" /><testcase classname="tests.contract.test_sync_validation" name="test_invalid_trace_status_rejected" time="0.000" /><testcase classname="tests.integration.test_cloud_auth_sync" name="test_unverified_account_cannot_create_cloud_project" time="0.164" /><testcase classname="tests.integration.test_cloud_auth_sync" name="test_unverified_account_can_create_cloud_project_when_verification_disabled" time="0.184" /><testcase classname="tests.integration.test_cloud_auth_sync" name="test_bootstrap_includes_device_bindings" time="0.165" /><testcase classname="tests.integration.test_cloud_auth_sync" name="test_project_sync_enable_pause_detach" time="0.170" /><testcase classname="tests.integration.test_cloud_auth_sync" name="test_project_sync_is_idempotent_and_conflicts_are_explicit" time="0.176" /><testcase classname="tests.integration.test_cloud_auth_sync" name="test_push_rejects_payload_with_forbidden_field" time="0.169" /><testcase classname="tests.integration.test_cloud_auth_sync" name="test_ack_rejects_cursor_beyond_workspace_sequence" time="0.151" /><testcase classname="tests.integration.test_cloud_auth_sync" name="test_pausing_one_device_does_not_pause_web_or_another_device" time="0.244" /><testcase classname="tests.integration.test_cloud_auth_sync" name="test_refresh_rotation_rejects_reuse" time="0.148" /><testcase classname="tests.integration.test_cloud_auth_sync" name="test_browser_refresh_requires_double_submit_csrf" time="0.227" /><testcase classname="tests.integration.test_cloud_auth_sync" name="test_workspace_uuid_cannot_cross_tenant_boundary" time="0.266" /><testcase classname="tests.integration.test_cloud_auth_sync" name="test_viewer_can_pull_but_cannot_push" time="0.270" /><testcase classname="tests.integration.test_cloud_auth_sync" name="test_editor_cannot_delete_cloud_project_through_sync_push" time="0.286" /><testcase classname="tests.integration.test_cloud_auth_sync" name="test_platform_admin_has_no_implicit_project_content_access" time="0.278" /><testcase classname="tests.integration.test_cloud_auth_sync" name="test_password_and_one_time_tokens_are_not_stored_in_plaintext" time="0.086" /><testcase classname="tests.integration.test_cloud_auth_sync" name="test_single_device_login_revokes_previous_sessions" time="0.233" /><testcase classname="tests.integration.test_cloud_auth_sync" name="test_login_limit_persists_failed_attempts" time="0.038" /><testcase classname="tests.integration.test_cloud_auth_sync" name="test_password_recovery_response_does_not_enumerate_accounts" time="0.165" /><testcase classname="tests.integration.test_cloud_auth_sync" name="test_blob_upload_hash_range_and_workspace_dedup" time="0.190" /><testcase classname="tests.integration.test_cloud_auth_sync" name="test_cross_workspace_dedup_keeps_other_workspace_content_during_gc" time="0.346" /><testcase classname="tests.integration.test_cloud_auth_sync" name="test_reused_blob_is_charged_once_per_project_on_entity_write" time="0.213" /><testcase classname="tests.integration.test_cloud_auth_sync" name="test_artifact_replacement_preserves_both_versions_and_can_select_old_version" time="0.243" /><testcase classname="tests.integration.test_cloud_worker" name="test_worker_does_not_run_local_analysis_jobs" time="0.000" /><testcase classname="tests.integration.test_cloud_worker" name="test_event_compaction_waits_for_every_valid_desktop_cursor" time="0.234" /><testcase classname="tests.integration.test_postgres_integration" name="test_real_postgres_migration_sequence_lock_and_skip_locked" time="0.000"><skipped type="pytest.skip" message="TEST_POSTGRES_URL is not configured">D:\my_programs\Tracelab-add-comment\SE26Project-15\server\tests\integration\test_postgres_integration.py:18: TEST_POSTGRES_URL is not configured</skipped></testcase><testcase classname="tests.security.test_admin_console" name="test_admin_console_uses_opaque_strict_cookie_and_csrf" time="0.221" /><testcase classname="tests.security.test_admin_console" name="test_non_admin_cannot_use_admin_console" time="0.201" /><testcase classname="tests.security.test_runtime_gates" name="test_production_requires_email_delivery_and_external_backup" time="0.002" /><testcase classname="tests.security.test_runtime_gates" name="test_sync_feature_is_disabled_by_default" time="0.001" /><testcase classname="tests.security.test_runtime_gates" name="test_production_requires_secure_public_and_account_link_origins" time="0.001" /></testsuite></testsuites>