<?xml version="1.0" encoding="utf-8"?><testsuites name="pytest tests"><testsuite name="pytest" errors="0" failures="0" skipped="1" tests="43" time="5.823" timestamp="2026-07-30T15:25:58.647139+08:00" hostname="LAPTOP-SNLLGVHI"><testcase classname="tests.contract.test_project_confidence_migration" name="test_cloud_project_confidence_mode_migrates_existing_rows" time="0.285" /><testcase classname="tests.contract.test_server_boundaries" name="test_desktop_contract_routes_are_present" time="0.097" /><testcase classname="tests.contract.test_server_boundaries" name="test_server_has_no_backend_or_frontend_runtime_imports" time="0.006" /><testcase classname="tests.contract.test_server_boundaries" name="test_server_build_context_does_not_copy_application_frontend" time="0.000" /><testcase classname="tests.contract.test_server_boundaries" name="test_cloud_baseline_is_explicit_and_local_schema_is_not_owned" time="0.001" /><testcase classname="tests.contract.test_server_boundaries" name="test_application_frontend_source_was_not_copied_to_server" time="0.000" /><testcase classname="tests.contract.test_sync_validation" name="test_valid_trace_statuses_accepted[proposed]" time="0.000" /><testcase classname="tests.contract.test_sync_validation" name="test_valid_trace_statuses_accepted[accepted]" time="0.000" /><testcase classname="tests.contract.test_sync_validation" name="test_valid_trace_statuses_accepted[rejected]" time="0.000" /><testcase classname="tests.contract.test_sync_validation" name="test_valid_trace_statuses_accepted[stale]" time="0.000" /><testcase classname="tests.contract.test_sync_validation" name="test_invalid_trace_status_rejected" time="0.000" /><testcase classname="tests.contract.test_sync_validation" name="test_paper_and_code_targets_are_accepted_entity_types" time="0.000" /><testcase classname="tests.contract.test_sync_validation" name="test_target_without_reanchoring_identity_is_rejected" time="0.000" /><testcase classname="tests.integration.test_cloud_auth_sync" name="test_unverified_account_cannot_create_cloud_project" time="0.156" /><testcase classname="tests.integration.test_cloud_auth_sync" name="test_unverified_account_can_create_cloud_project_when_verification_disabled" time="0.160" /><testcase classname="tests.integration.test_cloud_auth_sync" name="test_bootstrap_includes_device_bindings" time="0.160" /><testcase classname="tests.integration.test_cloud_auth_sync" name="test_project_sync_enable_pause_detach" time="0.159" /><testcase classname="tests.integration.test_cloud_auth_sync" name="test_project_sync_is_idempotent_and_conflicts_are_explicit" time="0.167" /><testcase classname="tests.integration.test_cloud_auth_sync" name="test_push_rejects_payload_with_forbidden_field" time="0.148" /><testcase classname="tests.integration.test_cloud_auth_sync" name="test_ack_rejects_cursor_beyond_workspace_sequence" time="0.146" /><testcase classname="tests.integration.test_cloud_auth_sync" name="test_pausing_one_device_does_not_pause_web_or_another_device" time="0.223" /><testcase classname="tests.integration.test_cloud_auth_sync" name="test_refresh_rotation_rejects_reuse" time="0.146" /><testcase classname="tests.integration.test_cloud_auth_sync" name="test_browser_refresh_requires_double_submit_csrf" time="0.202" /><testcase classname="tests.integration.test_cloud_auth_sync" name="test_workspace_uuid_cannot_cross_tenant_boundary" time="0.261" /><testcase classname="tests.integration.test_cloud_auth_sync" name="test_viewer_can_pull_but_cannot_push" time="0.273" /><testcase classname="tests.integration.test_cloud_auth_sync" name="test_editor_cannot_delete_cloud_project_through_sync_push" time="0.281" /><testcase classname="tests.integration.test_cloud_auth_sync" name="test_platform_admin_has_no_implicit_project_content_access" time="0.270" /><testcase classname="tests.integration.test_cloud_auth_sync" name="test_password_and_one_time_tokens_are_not_stored_in_plaintext" time="0.095" /><testcase classname="tests.integration.test_cloud_auth_sync" name="test_single_device_login_revokes_previous_sessions" time="0.206" /><testcase classname="tests.integration.test_cloud_auth_sync" name="test_login_limit_persists_failed_attempts" time="0.035" /><testcase classname="tests.integration.test_cloud_auth_sync" name="test_password_recovery_response_does_not_enumerate_accounts" time="0.149" /><testcase classname="tests.integration.test_cloud_auth_sync" name="test_blob_upload_hash_range_and_workspace_dedup" time="0.175" /><testcase classname="tests.integration.test_cloud_auth_sync" name="test_cross_workspace_dedup_keeps_other_workspace_content_during_gc" time="0.303" /><testcase classname="tests.integration.test_cloud_auth_sync" name="test_reused_blob_is_charged_once_per_project_on_entity_write" time="0.187" /><testcase classname="tests.integration.test_cloud_auth_sync" name="test_artifact_replacement_preserves_both_versions_and_can_select_old_version" time="0.218" /><testcase classname="tests.integration.test_cloud_worker" name="test_worker_does_not_run_local_analysis_jobs" time="0.000" /><testcase classname="tests.integration.test_cloud_worker" name="test_event_compaction_waits_for_every_valid_desktop_cursor" time="0.214" /><testcase classname="tests.integration.test_postgres_integration" name="test_real_postgres_migration_sequence_lock_and_skip_locked" time="0.000"><skipped type="pytest.skip" message="TEST_POSTGRES_URL is not configured">D:\my_programs\Tracelab-add-comment\SE26Project-15\server\tests\integration\test_postgres_integration.py:18: TEST_POSTGRES_URL is not configured</skipped></testcase><testcase classname="tests.security.test_admin_console" name="test_admin_console_uses_opaque_strict_cookie_and_csrf" time="0.197" /><testcase classname="tests.security.test_admin_console" name="test_non_admin_cannot_use_admin_console" time="0.176" /><testcase classname="tests.security.test_runtime_gates" name="test_production_requires_email_delivery_and_external_backup" time="0.002" /><testcase classname="tests.security.test_runtime_gates" name="test_sync_feature_is_disabled_by_default" time="0.001" /><testcase classname="tests.security.test_runtime_gates" name="test_production_requires_secure_public_and_account_link_origins" time="0.001" /></testsuite></testsuites>