<testsuites id="" name="" tests="6" failures="0" skipped="0" errors="0" time="59.122705">
<testsuite name="browser_compatibility.spec.ts" timestamp="2026-07-30T07:27:58.517Z" hostname="chrome-1366x768" tests="1" failures="0" skipped="0" time="24.711" errors="0">
<testcase name="项目基本流、名称备选流与桌面布局兼容性" classname="browser_compatibility.spec.ts" time="24.711">
</testcase>
</testsuite>
<testsuite name="browser_compatibility.spec.ts" timestamp="2026-07-30T07:27:58.517Z" hostname="chrome-1920x1080" tests="1" failures="0" skipped="0" time="1.763" errors="0">
<testcase name="项目基本流、名称备选流与桌面布局兼容性" classname="browser_compatibility.spec.ts" time="1.763">
</testcase>
</testsuite>
<testsuite name="browser_compatibility.spec.ts" timestamp="2026-07-30T07:27:58.517Z" hostname="edge-1366x768" tests="1" failures="0" skipped="0" time="1.763" errors="0">
<testcase name="项目基本流、名称备选流与桌面布局兼容性" classname="browser_compatibility.spec.ts" time="1.763">
</testcase>
</testsuite>
<testsuite name="browser_compatibility.spec.ts" timestamp="2026-07-30T07:27:58.517Z" hostname="edge-1920x1080" tests="1" failures="0" skipped="0" time="1.819" errors="0">
<testcase name="项目基本流、名称备选流与桌面布局兼容性" classname="browser_compatibility.spec.ts" time="1.819">
</testcase>
</testsuite>
<testsuite name="browser_compatibility.spec.ts" timestamp="2026-07-30T07:27:58.517Z" hostname="firefox-1366x768" tests="1" failures="0" skipped="0" time="3.794" errors="0">
<testcase name="项目基本流、名称备选流与桌面布局兼容性" classname="browser_compatibility.spec.ts" time="3.794">
</testcase>
</testsuite>
<testsuite name="browser_compatibility.spec.ts" timestamp="2026-07-30T07:27:58.517Z" hostname="firefox-1920x1080" tests="1" failures="0" skipped="0" time="2.56" errors="0">
<testcase name="项目基本流、名称备选流与桌面布局兼容性" classname="browser_compatibility.spec.ts" time="2.56">
</testcase>
</testsuite>
</testsuites>